#
# There is insufficient memory for the Java Runtime Environment to continue.
# Native memory allocation (malloc) failed to allocate 1957056 bytes for Chunk::new
# Possible reasons:
#   The system is out of physical RAM or swap space
#   The process is running with CompressedOops enabled, and the Java Heap may be blocking the growth of the native heap
# Possible solutions:
#   Reduce memory load on the system
#   Increase physical memory or swap space
#   Check if swap backing store is full
#   Decrease Java heap size (-Xmx/-Xms)
#   Decrease number of Java threads
#   Decrease Java thread stack sizes (-Xss)
#   Set larger code cache with -XX:ReservedCodeCacheSize=
#   JVM is running with Unscaled Compressed Oops mode in which the Java heap is
#     placed in the first 4GB address space. The Java Heap base address is the
#     maximum limit for the native heap growth. Please use -XX:HeapBaseMinAddress
#     to set the Java Heap base and to place the Java Heap above 4GB virtual address.
# This output file may be truncated or incomplete.
#
#  Out of Memory Error (./src/hotspot/share/memory/arena.cpp:195), pid=16588, tid=15756
#
# JRE version: OpenJDK Runtime Environment Zulu15.44+13-CA (15.0.9+5) (build 15.0.9+5-MTS)
# Java VM: OpenJDK 64-Bit Server VM Zulu15.44+13-CA (15.0.9+5-MTS, mixed mode, sharing, tiered, compressed oops, g1 gc, windows-amd64)
# No core dump will be written. Minidumps are not enabled by default on client versions of Windows
#

---------------  S U M M A R Y ------------

Command Line: --add-opens=java.base/java.util=ALL-UNNAMED --add-opens=java.base/java.lang=ALL-UNNAMED --add-opens=java.base/java.lang.invoke=ALL-UNNAMED --add-opens=java.prefs/java.util.prefs=ALL-UNNAMED -XX:MaxMetaspaceSize=256m -XX:+HeapDumpOnOutOfMemoryError -Xms256m -Xmx512m -Dfile.encoding=x-windows-949 -Duser.country=KR -Duser.language=ko -Duser.variant org.gradle.launcher.daemon.bootstrap.GradleDaemon 6.8

Host: Intel(R) Core(TM) i9-9900K CPU @ 3.60GHz, 8 cores, 15G,  Windows 10 , 64 bit Build 19041 (10.0.19041.2364)
Time: Thu Feb  2 10:02:34 2023 대한민국 표준시 elapsed time: 22.942731 seconds (0d 0h 0m 22s)

---------------  T H R E A D  ---------------

Current thread (0x000001f5775d95c0):  JavaThread "C2 CompilerThread0" daemon [_thread_in_native, id=15756, stack(0x000000652f900000,0x000000652fa00000)]


Current CompileTask:
C2:  22942 5812       4       org.objectweb.asm.ClassReader::readCode (5089 bytes)

Stack: [0x000000652f900000,0x000000652fa00000]
Native frames: (J=compiled Java code, j=interpreted, Vv=VM code, C=native code)
V  [jvm.dll+0x60036a]
V  [jvm.dll+0x79fd79]
V  [jvm.dll+0x7a14d3]
V  [jvm.dll+0x7a1b23]
V  [jvm.dll+0x1fc658]
V  [jvm.dll+0x996ca]
V  [jvm.dll+0x99dbc]
V  [jvm.dll+0x310a65]
V  [jvm.dll+0x178a80]
V  [jvm.dll+0x1d23dd]
V  [jvm.dll+0x1d1738]
V  [jvm.dll+0x1646e7]
V  [jvm.dll+0x1e05b4]
V  [jvm.dll+0x1de6fb]
V  [jvm.dll+0x7648fd]
V  [jvm.dll+0x75d7fa]
V  [jvm.dll+0x5ff116]
C  [ucrtbase.dll+0x21bb2]
C  [KERNEL32.DLL+0x17614]
C  [ntdll.dll+0x526a1]


---------------  P R O C E S S  ---------------

Threads class SMR info:
_java_thread_list=0x000001f57a32fa70, length=61, elements={
0x000001f56b008400, 0x000001f5775ae840, 0x000001f5775b1820, 0x000001f5775d05e0,
0x000001f5775d1830, 0x000001f5775d42f0, 0x000001f5775d95c0, 0x000001f5775dc170,
0x000001f5775e0320, 0x000001f577f0a0b0, 0x000001f577f97b20, 0x000001f578359ac0,
0x000001f5792c1ad0, 0x000001f57833f3d0, 0x000001f57806d010, 0x000001f57833f8a0,
0x000001f579986ba0, 0x000001f579987880, 0x000001f5799895a0, 0x000001f579989e80,
0x000001f579733a60, 0x000001f579733590, 0x000001f579730f10, 0x000001f579730570,
0x000001f579732bf0, 0x000001f579730a40, 0x000001f5797318b0, 0x000001f5797330c0,
0x000001f579733f30, 0x000001f5797313e0, 0x000001f579731d80, 0x000001f579732250,
0x000001f579732720, 0x000001f57a6e71f0, 0x000001f57a6ee570, 0x000001f57a6e6d20,
0x000001f57a6eabb0, 0x000001f57a6eb080, 0x000001f57a6e76c0, 0x000001f57a6e7b90,
0x000001f57a6e8060, 0x000001f57a6ea210, 0x000001f57a6e93a0, 0x000001f57a6edbd0,
0x000001f57a6e8530, 0x000001f57a6e9870, 0x000001f57a6ecd60, 0x000001f57a6e8a00,
0x000001f57a6ee0a0, 0x000001f57a6e8ed0, 0x000001f57a6e9d40, 0x000001f57a6ea6e0,
0x000001f57a6ed700, 0x000001f5791372a0, 0x000001f579131260, 0x000001f5791350f0,
0x000001f579138110, 0x000001f5791355c0, 0x000001f579137770, 0x000001f5791338e0,
0x000001f5791385e0
}

Java Threads: ( => current thread )
  0x000001f56b008400 JavaThread "main" [_thread_blocked, id=2264, stack(0x000000652ed00000,0x000000652ee00000)]
  0x000001f5775ae840 JavaThread "Reference Handler" daemon [_thread_blocked, id=21960, stack(0x000000652f400000,0x000000652f500000)]
  0x000001f5775b1820 JavaThread "Finalizer" daemon [_thread_blocked, id=9616, stack(0x000000652f500000,0x000000652f600000)]
  0x000001f5775d05e0 JavaThread "Signal Dispatcher" daemon [_thread_blocked, id=12280, stack(0x000000652f600000,0x000000652f700000)]
  0x000001f5775d1830 JavaThread "Attach Listener" daemon [_thread_blocked, id=2876, stack(0x000000652f700000,0x000000652f800000)]
  0x000001f5775d42f0 JavaThread "Service Thread" daemon [_thread_blocked, id=21000, stack(0x000000652f800000,0x000000652f900000)]
=>0x000001f5775d95c0 JavaThread "C2 CompilerThread0" daemon [_thread_in_native, id=15756, stack(0x000000652f900000,0x000000652fa00000)]
  0x000001f5775dc170 JavaThread "C1 CompilerThread0" daemon [_thread_blocked, id=9924, stack(0x000000652fa00000,0x000000652fb00000)]
  0x000001f5775e0320 JavaThread "Sweeper thread" daemon [_thread_blocked, id=17820, stack(0x000000652fb00000,0x000000652fc00000)]
  0x000001f577f0a0b0 JavaThread "Common-Cleaner" daemon [_thread_blocked, id=18752, stack(0x000000652fc00000,0x000000652fd00000)]
  0x000001f577f97b20 JavaThread "Notification Thread" daemon [_thread_blocked, id=12672, stack(0x000000652fd00000,0x000000652fe00000)]
  0x000001f578359ac0 JavaThread "Daemon health stats" [_thread_blocked, id=1240, stack(0x0000006530500000,0x0000006530600000)]
  0x000001f5792c1ad0 JavaThread "Incoming local TCP Connector on port 62508" [_thread_in_native, id=13440, stack(0x0000006530800000,0x0000006530900000)]
  0x000001f57833f3d0 JavaThread "Daemon periodic checks" [_thread_blocked, id=7892, stack(0x0000006530900000,0x0000006530a00000)]
  0x000001f57806d010 JavaThread "Daemon" [_thread_blocked, id=16184, stack(0x0000006530a00000,0x0000006530b00000)]
  0x000001f57833f8a0 JavaThread "Handler for socket connection from /127.0.0.1:62508 to /127.0.0.1:62509" [_thread_in_native, id=10000, stack(0x0000006530b00000,0x0000006530c00000)]
  0x000001f579986ba0 JavaThread "Cancel handler" [_thread_blocked, id=18624, stack(0x0000006530c00000,0x0000006530d00000)]
  0x000001f579987880 JavaThread "Daemon worker" [_thread_in_native, id=22512, stack(0x0000006530d00000,0x0000006530e00000)]
  0x000001f5799895a0 JavaThread "Asynchronous log dispatcher for DefaultDaemonConnection: socket connection from /127.0.0.1:62508 to /127.0.0.1:62509" [_thread_blocked, id=22116, stack(0x0000006530e00000,0x0000006530f00000)]
  0x000001f579989e80 JavaThread "Stdin handler" [_thread_blocked, id=3228, stack(0x0000006530f00000,0x0000006531000000)]
  0x000001f579733a60 JavaThread "Daemon client event forwarder" [_thread_blocked, id=17072, stack(0x0000006531000000,0x0000006531100000)]
  0x000001f579733590 JavaThread "Cache worker for file hash cache (C:\Users\joseph\.gradle\caches\6.8\fileHashes)" [_thread_blocked, id=7656, stack(0x0000006531100000,0x0000006531200000)]
  0x000001f579730f10 JavaThread "File lock request listener" [_thread_in_native, id=1640, stack(0x0000006531200000,0x0000006531300000)]
  0x000001f579730570 JavaThread "Cache worker for journal cache (C:\Users\joseph\.gradle\caches\journal-1)" [_thread_blocked, id=12456, stack(0x0000006531300000,0x0000006531400000)]
  0x000001f579732bf0 JavaThread "Cache worker for file hash cache (D:\jcworkspace\sipc\java\.gradle\6.8\fileHashes)" [_thread_blocked, id=21160, stack(0x0000006531400000,0x0000006531500000)]
  0x000001f579730a40 JavaThread "jar transforms" [_thread_blocked, id=7188, stack(0x0000006531500000,0x0000006531600000)]
  0x000001f5797318b0 JavaThread "jar transforms Thread 2" [_thread_blocked, id=19488, stack(0x0000006531600000,0x0000006531700000)]
  0x000001f5797330c0 JavaThread "jar transforms Thread 3" [_thread_blocked, id=20992, stack(0x0000006531700000,0x0000006531800000)]
  0x000001f579733f30 JavaThread "jar transforms Thread 4" [_thread_blocked, id=12068, stack(0x0000006531800000,0x0000006531900000)]
  0x000001f5797313e0 JavaThread "jar transforms Thread 5" [_thread_blocked, id=19732, stack(0x0000006531900000,0x0000006531a00000)]
  0x000001f579731d80 JavaThread "jar transforms Thread 6" [_thread_blocked, id=1948, stack(0x0000006531a00000,0x0000006531b00000)]
  0x000001f579732250 JavaThread "jar transforms Thread 7" [_thread_blocked, id=5856, stack(0x0000006531b00000,0x0000006531c00000)]
  0x000001f579732720 JavaThread "jar transforms Thread 8" [_thread_blocked, id=3524, stack(0x0000006531c00000,0x0000006531d00000)]
  0x000001f57a6e71f0 JavaThread "jar transforms Thread 9" [_thread_blocked, id=21020, stack(0x0000006531d00000,0x0000006531e00000)]
  0x000001f57a6ee570 JavaThread "jar transforms Thread 10" [_thread_blocked, id=8652, stack(0x0000006531e00000,0x0000006531f00000)]
  0x000001f57a6e6d20 JavaThread "jar transforms Thread 11" [_thread_blocked, id=20664, stack(0x0000006531f00000,0x0000006532000000)]
  0x000001f57a6eabb0 JavaThread "jar transforms Thread 12" [_thread_blocked, id=17400, stack(0x0000006532000000,0x0000006532100000)]
  0x000001f57a6eb080 JavaThread "jar transforms Thread 13" [_thread_blocked, id=15376, stack(0x0000006532100000,0x0000006532200000)]
  0x000001f57a6e76c0 JavaThread "jar transforms Thread 14" [_thread_blocked, id=13180, stack(0x0000006532200000,0x0000006532300000)]
  0x000001f57a6e7b90 JavaThread "jar transforms Thread 15" [_thread_blocked, id=15772, stack(0x0000006532300000,0x0000006532400000)]
  0x000001f57a6e8060 JavaThread "jar transforms Thread 16" [_thread_blocked, id=21892, stack(0x0000006532400000,0x0000006532500000)]
  0x000001f57a6ea210 JavaThread "jar transforms Thread 17" [_thread_blocked, id=22240, stack(0x0000006532500000,0x0000006532600000)]
  0x000001f57a6e93a0 JavaThread "jar transforms Thread 18" [_thread_blocked, id=16160, stack(0x0000006532600000,0x0000006532700000)]
  0x000001f57a6edbd0 JavaThread "jar transforms Thread 19" [_thread_blocked, id=14548, stack(0x0000006532700000,0x0000006532800000)]
  0x000001f57a6e8530 JavaThread "jar transforms Thread 20" [_thread_blocked, id=16612, stack(0x0000006532800000,0x0000006532900000)]
  0x000001f57a6e9870 JavaThread "jar transforms Thread 21" [_thread_blocked, id=15992, stack(0x0000006532900000,0x0000006532a00000)]
  0x000001f57a6ecd60 JavaThread "jar transforms Thread 22" [_thread_blocked, id=15488, stack(0x0000006532a00000,0x0000006532b00000)]
  0x000001f57a6e8a00 JavaThread "Cache worker for checksums cache (D:\jcworkspace\sipc\java\.gradle\checksums)" [_thread_blocked, id=17200, stack(0x0000006532b00000,0x0000006532c00000)]
  0x000001f57a6ee0a0 JavaThread "Cache worker for cache directory md-supplier (C:\Users\joseph\.gradle\caches\6.8\md-supplier)" [_thread_blocked, id=14404, stack(0x0000006532c00000,0x0000006532d00000)]
  0x000001f57a6e8ed0 JavaThread "Cache worker for cache directory md-rule (C:\Users\joseph\.gradle\caches\6.8\md-rule)" [_thread_blocked, id=16116, stack(0x0000006533000000,0x0000006533100000)]
  0x000001f57a6e9d40 JavaThread "Cache worker for execution history cache (C:\Users\joseph\.gradle\caches\6.8\executionHistory)" [_thread_blocked, id=21940, stack(0x0000006533100000,0x0000006533200000)]
  0x000001f57a6ea6e0 JavaThread "Cache worker for file content cache (C:\Users\joseph\.gradle\caches\6.8\fileContent)" [_thread_blocked, id=19748, stack(0x0000006533200000,0x0000006533300000)]
  0x000001f57a6ed700 JavaThread "Cache worker for Build Output Cleanup Cache (D:\jcworkspace\sipc\java\.gradle\buildOutputCleanup)" [_thread_blocked, id=7856, stack(0x0000006533300000,0x0000006533400000)]
  0x000001f5791372a0 JavaThread "Build operations" [_thread_blocked, id=15400, stack(0x0000006533500000,0x0000006533600000)]
  0x000001f579131260 JavaThread "Build operations Thread 2" [_thread_blocked, id=22088, stack(0x0000006533600000,0x0000006533700000)]
  0x000001f5791350f0 JavaThread "Build operations Thread 3" [_thread_blocked, id=18176, stack(0x0000006533700000,0x0000006533800000)]
  0x000001f579138110 JavaThread "Build operations Thread 4" [_thread_blocked, id=16524, stack(0x0000006533800000,0x0000006533900000)]
  0x000001f5791355c0 JavaThread "Build operations Thread 5" [_thread_blocked, id=19780, stack(0x0000006533900000,0x0000006533a00000)]
  0x000001f579137770 JavaThread "Build operations Thread 6" [_thread_blocked, id=18584, stack(0x0000006533a00000,0x0000006533b00000)]
  0x000001f5791338e0 JavaThread "Build operations Thread 7" [_thread_blocked, id=15332, stack(0x0000006533b00000,0x0000006533c00000)]
  0x000001f5791385e0 JavaThread "Build operations Thread 8" [_thread_blocked, id=17552, stack(0x0000006533c00000,0x0000006533d00000)]

Other Threads:
  0x000001f5775ab6b0 VMThread "VM Thread" [stack: 0x000000652f300000,0x000000652f400000] [id=19572]
  0x000001f577fa0050 WatcherThread [stack: 0x000000652fe00000,0x000000652ff00000] [id=10156]
  0x000001f56b032d00 GCTaskThread "GC Thread#0" [stack: 0x000000652ee00000,0x000000652ef00000] [id=21096]
  0x000001f5787d6d80 GCTaskThread "GC Thread#1" [stack: 0x000000652ff00000,0x0000006530000000] [id=10856]
  0x000001f5787d40e0 GCTaskThread "GC Thread#2" [stack: 0x0000006530000000,0x0000006530100000] [id=20964]
  0x000001f5787d5a60 GCTaskThread "GC Thread#3" [stack: 0x0000006530100000,0x0000006530200000] [id=16972]
  0x000001f5787d3db0 GCTaskThread "GC Thread#4" [stack: 0x0000006530200000,0x0000006530300000] [id=21156]
  0x000001f5787d6720 GCTaskThread "GC Thread#5" [stack: 0x0000006530300000,0x0000006530400000] [id=19016]
  0x000001f5787d60c0 GCTaskThread "GC Thread#6" [stack: 0x0000006532d00000,0x0000006532e00000] [id=18804]
  0x000001f579eb41e0 GCTaskThread "GC Thread#7" [stack: 0x0000006532e00000,0x0000006532f00000] [id=4368]
  0x000001f56b038690 ConcurrentGCThread "G1 Main Marker" [stack: 0x000000652ef00000,0x000000652f000000] [id=12352]
  0x000001f56b039280 ConcurrentGCThread "G1 Conc#0" [stack: 0x000000652f000000,0x000000652f100000] [id=10908]
  0x000001f579eb2530 ConcurrentGCThread "G1 Conc#1" [stack: 0x0000006532f00000,0x0000006533000000] [id=15476]
  0x000001f56b0ee440 ConcurrentGCThread "G1 Refine#0" [stack: 0x000000652f100000,0x000000652f200000] [id=17996]
  0x000001f5783499c0 ConcurrentGCThread "G1 Refine#1" [stack: 0x0000006530400000,0x0000006530500000] [id=4052]
  0x000001f5780aa640 ConcurrentGCThread "G1 Refine#2" [stack: 0x0000006533d00000,0x0000006533e00000] [id=14744]
  0x000001f5780a8b40 ConcurrentGCThread "G1 Refine#3" [stack: 0x0000006533e00000,0x0000006533f00000] [id=20100]
  0x000001f57745a230 ConcurrentGCThread "G1 Young RemSet Sampling" [stack: 0x000000652f200000,0x000000652f300000] [id=18984]

Threads with active compile tasks:
C2 CompilerThread0    23025 5812       4       org.objectweb.asm.ClassReader::readCode (5089 bytes)

VM state: not at safepoint (normal execution)

VM Mutex/Monitor currently owned by a thread: None

OutOfMemory and StackOverflow Exception counts:
OutOfMemoryError java_heap_errors=1
LinkageErrors=138

Heap address: 0x00000000e0000000, size: 512 MB, Compressed Oops mode: 32-bit
CDS archive(s) mapped at: [0x0000000800000000-0x0000000800b50000-0x0000000800b50000), size 11862016, SharedBaseAddress: 0x0000000800000000, ArchiveRelocationMode: 0.
Compressed class space mapped at: 0x0000000800b50000-0x0000000810350000, size: 260046848
Narrow klass base: 0x0000000800000000, Narrow klass shift: 3, Narrow klass range: 0x100000000

GC Precious Log:
 CPUs: 8 total, 8 available
 Memory: 16361M
 Large Page Support: Disabled
 NUMA Support: Disabled
 Compressed Oops: Enabled (32-bit)
 Heap Region Size: 1M
 Heap Min Capacity: 256M
 Heap Initial Capacity: 256M
 Heap Max Capacity: 512M
 Pre-touch: Disabled
 Parallel Workers: 8
 Concurrent Workers: 2
 Concurrent Refinement Workers: 8
 Periodic GC: Disabled

Heap:
 garbage-first heap   total 262144K, used 161268K [0x00000000e0000000, 0x0000000100000000)
  region size 1024K, 80 young (81920K), 19 survivors (19456K)
 Metaspace       used 52044K, capacity 53019K, committed 53328K, reserved 301056K
  class space    used 6583K, capacity 6822K, committed 6912K, reserved 253952K

Heap Regions: E=young(eden), S=young(survivor), O=old, HS=humongous(starts), HC=humongous(continues), CS=collection set, F=free, OA=open archive, CA=closed archive, TAMS=top-at-mark-start (previous, next)
|   0|0x00000000e0000000, 0x00000000e0100000, 0x00000000e0100000|100%| O|  |TAMS 0x00000000e0100000, 0x00000000e0000000| Untracked 
|   1|0x00000000e0100000, 0x00000000e0200000, 0x00000000e0200000|100%| O|  |TAMS 0x00000000e0200000, 0x00000000e0100000| Untracked 
|   2|0x00000000e0200000, 0x00000000e0300000, 0x00000000e0300000|100%| O|  |TAMS 0x00000000e02d5a00, 0x00000000e0200000| Untracked 
|   3|0x00000000e0300000, 0x00000000e0400000, 0x00000000e0400000|100%|HS|  |TAMS 0x00000000e0400000, 0x00000000e0300000| Complete 
|   4|0x00000000e0400000, 0x00000000e0500000, 0x00000000e0500000|100%|HC|  |TAMS 0x00000000e0500000, 0x00000000e0400000| Complete 
|   5|0x00000000e0500000, 0x00000000e0600000, 0x00000000e0600000|100%|HC|  |TAMS 0x00000000e0600000, 0x00000000e0500000| Complete 
|   6|0x00000000e0600000, 0x00000000e0700000, 0x00000000e0700000|100%| O|  |TAMS 0x00000000e0700000, 0x00000000e0600000| Untracked 
|   7|0x00000000e0700000, 0x00000000e0800000, 0x00000000e0800000|100%| O|  |TAMS 0x00000000e0800000, 0x00000000e0700000| Untracked 
|   8|0x00000000e0800000, 0x00000000e0900000, 0x00000000e0900000|100%| O|  |TAMS 0x00000000e0900000, 0x00000000e0800000| Untracked 
|   9|0x00000000e0900000, 0x00000000e0a00000, 0x00000000e0a00000|100%|HS|  |TAMS 0x00000000e0a00000, 0x00000000e0900000| Complete 
|  10|0x00000000e0a00000, 0x00000000e0b00000, 0x00000000e0b00000|100%|HC|  |TAMS 0x00000000e0b00000, 0x00000000e0a00000| Complete 
|  11|0x00000000e0b00000, 0x00000000e0c00000, 0x00000000e0c00000|100%|HS|  |TAMS 0x00000000e0c00000, 0x00000000e0b00000| Complete 
|  12|0x00000000e0c00000, 0x00000000e0d00000, 0x00000000e0d00000|100%|HC|  |TAMS 0x00000000e0d00000, 0x00000000e0c00000| Complete 
|  13|0x00000000e0d00000, 0x00000000e0e00000, 0x00000000e0e00000|100%|HC|  |TAMS 0x00000000e0e00000, 0x00000000e0d00000| Complete 
|  14|0x00000000e0e00000, 0x00000000e0f00000, 0x00000000e0f00000|100%|HS|  |TAMS 0x00000000e0f00000, 0x00000000e0e00000| Complete 
|  15|0x00000000e0f00000, 0x00000000e1000000, 0x00000000e1000000|100%|HC|  |TAMS 0x00000000e1000000, 0x00000000e0f00000| Complete 
|  16|0x00000000e1000000, 0x00000000e1100000, 0x00000000e1100000|100%|HC|  |TAMS 0x00000000e1100000, 0x00000000e1000000| Complete 
|  17|0x00000000e1100000, 0x00000000e1200000, 0x00000000e1200000|100%|HS|  |TAMS 0x00000000e1200000, 0x00000000e1100000| Complete 
|  18|0x00000000e1200000, 0x00000000e1300000, 0x00000000e1300000|100%|HC|  |TAMS 0x00000000e1300000, 0x00000000e1200000| Complete 
|  19|0x00000000e1300000, 0x00000000e1400000, 0x00000000e1400000|100%|HS|  |TAMS 0x00000000e1400000, 0x00000000e1300000| Complete 
|  20|0x00000000e1400000, 0x00000000e1500000, 0x00000000e1500000|100%|HC|  |TAMS 0x00000000e1500000, 0x00000000e1400000| Complete 
|  21|0x00000000e1500000, 0x00000000e1600000, 0x00000000e1600000|100%|HC|  |TAMS 0x00000000e1600000, 0x00000000e1500000| Complete 
|  22|0x00000000e1600000, 0x00000000e1700000, 0x00000000e1700000|100%|HC|  |TAMS 0x00000000e1700000, 0x00000000e1600000| Complete 
|  23|0x00000000e1700000, 0x00000000e1800000, 0x00000000e1800000|100%|HC|  |TAMS 0x00000000e1800000, 0x00000000e1700000| Complete 
|  24|0x00000000e1800000, 0x00000000e1900000, 0x00000000e1900000|100%|HC|  |TAMS 0x00000000e1900000, 0x00000000e1800000| Complete 
|  25|0x00000000e1900000, 0x00000000e1a00000, 0x00000000e1a00000|100%|HC|  |TAMS 0x00000000e1a00000, 0x00000000e1900000| Complete 
|  26|0x00000000e1a00000, 0x00000000e1b00000, 0x00000000e1b00000|100%|HC|  |TAMS 0x00000000e1b00000, 0x00000000e1a00000| Complete 
|  27|0x00000000e1b00000, 0x00000000e1c00000, 0x00000000e1c00000|100%|HC|  |TAMS 0x00000000e1c00000, 0x00000000e1b00000| Complete 
|  28|0x00000000e1c00000, 0x00000000e1d00000, 0x00000000e1d00000|100%|HC|  |TAMS 0x00000000e1d00000, 0x00000000e1c00000| Complete 
|  29|0x00000000e1d00000, 0x00000000e1e00000, 0x00000000e1e00000|100%|HC|  |TAMS 0x00000000e1e00000, 0x00000000e1d00000| Complete 
|  30|0x00000000e1e00000, 0x00000000e1f00000, 0x00000000e1f00000|100%|HS|  |TAMS 0x00000000e1f00000, 0x00000000e1e00000| Complete 
|  31|0x00000000e1f00000, 0x00000000e2000000, 0x00000000e2000000|100%|HC|  |TAMS 0x00000000e2000000, 0x00000000e1f00000| Complete 
|  32|0x00000000e2000000, 0x00000000e2100000, 0x00000000e2100000|100%|HS|  |TAMS 0x00000000e2100000, 0x00000000e2000000| Complete 
|  33|0x00000000e2100000, 0x00000000e2200000, 0x00000000e2200000|100%|HC|  |TAMS 0x00000000e2200000, 0x00000000e2100000| Complete 
|  34|0x00000000e2200000, 0x00000000e2300000, 0x00000000e2300000|100%|HC|  |TAMS 0x00000000e2300000, 0x00000000e2200000| Complete 
|  35|0x00000000e2300000, 0x00000000e2400000, 0x00000000e2400000|100%|HC|  |TAMS 0x00000000e2400000, 0x00000000e2300000| Complete 
|  36|0x00000000e2400000, 0x00000000e2500000, 0x00000000e2500000|100%|HC|  |TAMS 0x00000000e2500000, 0x00000000e2400000| Complete 
|  37|0x00000000e2500000, 0x00000000e2600000, 0x00000000e2600000|100%|HS|  |TAMS 0x00000000e2500000, 0x00000000e2500000| Complete 
|  38|0x00000000e2600000, 0x00000000e2700000, 0x00000000e2700000|100%|HC|  |TAMS 0x00000000e2600000, 0x00000000e2600000| Complete 
|  39|0x00000000e2700000, 0x00000000e2700000, 0x00000000e2800000|  0%| F|  |TAMS 0x00000000e2700000, 0x00000000e2700000| Untracked 
|  40|0x00000000e2800000, 0x00000000e2900000, 0x00000000e2900000|100%| O|  |TAMS 0x00000000e2800000, 0x00000000e2800000| Untracked 
|  41|0x00000000e2900000, 0x00000000e2a00000, 0x00000000e2a00000|100%| O|  |TAMS 0x00000000e2900000, 0x00000000e2900000| Untracked 
|  42|0x00000000e2a00000, 0x00000000e2b00000, 0x00000000e2b00000|100%| O|  |TAMS 0x00000000e2a00000, 0x00000000e2a00000| Untracked 
|  43|0x00000000e2b00000, 0x00000000e2c00000, 0x00000000e2c00000|100%| O|  |TAMS 0x00000000e2b00000, 0x00000000e2b00000| Untracked 
|  44|0x00000000e2c00000, 0x00000000e2d00000, 0x00000000e2d00000|100%|HS|  |TAMS 0x00000000e2c00000, 0x00000000e2c00000| Complete 
|  45|0x00000000e2d00000, 0x00000000e2e00000, 0x00000000e2e00000|100%|HC|  |TAMS 0x00000000e2d00000, 0x00000000e2d00000| Complete 
|  46|0x00000000e2e00000, 0x00000000e2f00000, 0x00000000e2f00000|100%|HC|  |TAMS 0x00000000e2e00000, 0x00000000e2e00000| Complete 
|  47|0x00000000e2f00000, 0x00000000e3000000, 0x00000000e3000000|100%|HC|  |TAMS 0x00000000e2f00000, 0x00000000e2f00000| Complete 
|  48|0x00000000e3000000, 0x00000000e3100000, 0x00000000e3100000|100%|HC|  |TAMS 0x00000000e3000000, 0x00000000e3000000| Complete 
|  49|0x00000000e3100000, 0x00000000e3200000, 0x00000000e3200000|100%|HC|  |TAMS 0x00000000e3100000, 0x00000000e3100000| Complete 
|  50|0x00000000e3200000, 0x00000000e3300000, 0x00000000e3300000|100%|HC|  |TAMS 0x00000000e3200000, 0x00000000e3200000| Complete 
|  51|0x00000000e3300000, 0x00000000e3400000, 0x00000000e3400000|100%|HC|  |TAMS 0x00000000e3300000, 0x00000000e3300000| Complete 
|  52|0x00000000e3400000, 0x00000000e3500000, 0x00000000e3500000|100%|HC|  |TAMS 0x00000000e3400000, 0x00000000e3400000| Complete 
|  53|0x00000000e3500000, 0x00000000e3600000, 0x00000000e3600000|100%|HC|  |TAMS 0x00000000e3500000, 0x00000000e3500000| Complete 
|  54|0x00000000e3600000, 0x00000000e3700000, 0x00000000e3700000|100%|HC|  |TAMS 0x00000000e3600000, 0x00000000e3600000| Complete 
|  55|0x00000000e3700000, 0x00000000e3800000, 0x00000000e3800000|100%|HC|  |TAMS 0x00000000e3700000, 0x00000000e3700000| Complete 
|  56|0x00000000e3800000, 0x00000000e3900000, 0x00000000e3900000|100%|HS|  |TAMS 0x00000000e3800000, 0x00000000e3800000| Complete 
|  57|0x00000000e3900000, 0x00000000e3a00000, 0x00000000e3a00000|100%|HC|  |TAMS 0x00000000e3900000, 0x00000000e3900000| Complete 
|  58|0x00000000e3a00000, 0x00000000e3b00000, 0x00000000e3b00000|100%|HC|  |TAMS 0x00000000e3a00000, 0x00000000e3a00000| Complete 
|  59|0x00000000e3b00000, 0x00000000e3c00000, 0x00000000e3c00000|100%|HS|  |TAMS 0x00000000e3b00000, 0x00000000e3b00000| Complete 
|  60|0x00000000e3c00000, 0x00000000e3d00000, 0x00000000e3d00000|100%|HC|  |TAMS 0x00000000e3c00000, 0x00000000e3c00000| Complete 
|  61|0x00000000e3d00000, 0x00000000e3e00000, 0x00000000e3e00000|100%|HS|  |TAMS 0x00000000e3d00000, 0x00000000e3d00000| Complete 
|  62|0x00000000e3e00000, 0x00000000e3f00000, 0x00000000e3f00000|100%|HC|  |TAMS 0x00000000e3e00000, 0x00000000e3e00000| Complete 
|  63|0x00000000e3f00000, 0x00000000e4000000, 0x00000000e4000000|100%|HC|  |TAMS 0x00000000e3f00000, 0x00000000e3f00000| Complete 
|  64|0x00000000e4000000, 0x00000000e4100000, 0x00000000e4100000|100%|HS|  |TAMS 0x00000000e4000000, 0x00000000e4000000| Complete 
|  65|0x00000000e4100000, 0x00000000e4200000, 0x00000000e4200000|100%|HC|  |TAMS 0x00000000e4100000, 0x00000000e4100000| Complete 
|  66|0x00000000e4200000, 0x00000000e4300000, 0x00000000e4300000|100%|HC|  |TAMS 0x00000000e4200000, 0x00000000e4200000| Complete 
|  67|0x00000000e4300000, 0x00000000e4400000, 0x00000000e4400000|100%|HC|  |TAMS 0x00000000e4300000, 0x00000000e4300000| Complete 
|  68|0x00000000e4400000, 0x00000000e4500000, 0x00000000e4500000|100%|HC|  |TAMS 0x00000000e4400000, 0x00000000e4400000| Complete 
|  69|0x00000000e4500000, 0x00000000e4600000, 0x00000000e4600000|100%|HC|  |TAMS 0x00000000e4500000, 0x00000000e4500000| Complete 
|  70|0x00000000e4600000, 0x00000000e4700000, 0x00000000e4700000|100%|HS|  |TAMS 0x00000000e4600000, 0x00000000e4600000| Complete 
|  71|0x00000000e4700000, 0x00000000e4800000, 0x00000000e4800000|100%| O|  |TAMS 0x00000000e4700000, 0x00000000e4700000| Untracked 
|  72|0x00000000e4800000, 0x00000000e4900000, 0x00000000e4900000|100%| O|  |TAMS 0x00000000e4800000, 0x00000000e4800000| Untracked 
|  73|0x00000000e4900000, 0x00000000e4a00000, 0x00000000e4a00000|100%| O|  |TAMS 0x00000000e4900000, 0x00000000e4900000| Untracked 
|  74|0x00000000e4a00000, 0x00000000e4b00000, 0x00000000e4b00000|100%| O|  |TAMS 0x00000000e4a00000, 0x00000000e4a00000| Untracked 
|  75|0x00000000e4b00000, 0x00000000e4c00000, 0x00000000e4c00000|100%| O|  |TAMS 0x00000000e4b00000, 0x00000000e4b00000| Untracked 
|  76|0x00000000e4c00000, 0x00000000e4d00000, 0x00000000e4d00000|100%| O|  |TAMS 0x00000000e4c00000, 0x00000000e4c00000| Untracked 
|  77|0x00000000e4d00000, 0x00000000e4e00000, 0x00000000e4e00000|100%| O|  |TAMS 0x00000000e4d00000, 0x00000000e4d00000| Untracked 
|  78|0x00000000e4e00000, 0x00000000e4f00000, 0x00000000e4f00000|100%| O|  |TAMS 0x00000000e4e00000, 0x00000000e4e00000| Untracked 
|  79|0x00000000e4f00000, 0x00000000e5000000, 0x00000000e5000000|100%| O|  |TAMS 0x00000000e4f00000, 0x00000000e4f00000| Untracked 
|  80|0x00000000e5000000, 0x00000000e507d200, 0x00000000e5100000| 48%| O|  |TAMS 0x00000000e5000000, 0x00000000e5000000| Untracked 
|  81|0x00000000e5100000, 0x00000000e5100000, 0x00000000e5200000|  0%| F|  |TAMS 0x00000000e5100000, 0x00000000e5100000| Untracked 
|  82|0x00000000e5200000, 0x00000000e5200000, 0x00000000e5300000|  0%| F|  |TAMS 0x00000000e5200000, 0x00000000e5200000| Untracked 
|  83|0x00000000e5300000, 0x00000000e5300000, 0x00000000e5400000|  0%| F|  |TAMS 0x00000000e5300000, 0x00000000e5300000| Untracked 
|  84|0x00000000e5400000, 0x00000000e5400000, 0x00000000e5500000|  0%| F|  |TAMS 0x00000000e5400000, 0x00000000e5400000| Untracked 
|  85|0x00000000e5500000, 0x00000000e5500000, 0x00000000e5600000|  0%| F|  |TAMS 0x00000000e5500000, 0x00000000e5500000| Untracked 
|  86|0x00000000e5600000, 0x00000000e5700000, 0x00000000e5700000|100%| S|CS|TAMS 0x00000000e5600000, 0x00000000e5600000| Complete 
|  87|0x00000000e5700000, 0x00000000e5800000, 0x00000000e5800000|100%| S|CS|TAMS 0x00000000e5700000, 0x00000000e5700000| Complete 
|  88|0x00000000e5800000, 0x00000000e5900000, 0x00000000e5900000|100%| S|CS|TAMS 0x00000000e5800000, 0x00000000e5800000| Complete 
|  89|0x00000000e5900000, 0x00000000e5a00000, 0x00000000e5a00000|100%| S|CS|TAMS 0x00000000e5900000, 0x00000000e5900000| Complete 
|  90|0x00000000e5a00000, 0x00000000e5b00000, 0x00000000e5b00000|100%| S|CS|TAMS 0x00000000e5a00000, 0x00000000e5a00000| Complete 
|  91|0x00000000e5b00000, 0x00000000e5c00000, 0x00000000e5c00000|100%| S|CS|TAMS 0x00000000e5b00000, 0x00000000e5b00000| Complete 
|  92|0x00000000e5c00000, 0x00000000e5d00000, 0x00000000e5d00000|100%| S|CS|TAMS 0x00000000e5c00000, 0x00000000e5c00000| Complete 
|  93|0x00000000e5d00000, 0x00000000e5e00000, 0x00000000e5e00000|100%| S|CS|TAMS 0x00000000e5d00000, 0x00000000e5d00000| Complete 
|  94|0x00000000e5e00000, 0x00000000e5f00000, 0x00000000e5f00000|100%| S|CS|TAMS 0x00000000e5e00000, 0x00000000e5e00000| Complete 
|  95|0x00000000e5f00000, 0x00000000e6000000, 0x00000000e6000000|100%| S|CS|TAMS 0x00000000e5f00000, 0x00000000e5f00000| Complete 
|  96|0x00000000e6000000, 0x00000000e6100000, 0x00000000e6100000|100%| S|CS|TAMS 0x00000000e6000000, 0x00000000e6000000| Complete 
|  97|0x00000000e6100000, 0x00000000e6200000, 0x00000000e6200000|100%| S|CS|TAMS 0x00000000e6100000, 0x00000000e6100000| Complete 
|  98|0x00000000e6200000, 0x00000000e6300000, 0x00000000e6300000|100%| S|CS|TAMS 0x00000000e6200000, 0x00000000e6200000| Complete 
|  99|0x00000000e6300000, 0x00000000e6400000, 0x00000000e6400000|100%| S|CS|TAMS 0x00000000e6300000, 0x00000000e6300000| Complete 
| 100|0x00000000e6400000, 0x00000000e6500000, 0x00000000e6500000|100%| S|CS|TAMS 0x00000000e6400000, 0x00000000e6400000| Complete 
| 101|0x00000000e6500000, 0x00000000e6600000, 0x00000000e6600000|100%| S|CS|TAMS 0x00000000e6500000, 0x00000000e6500000| Complete 
| 102|0x00000000e6600000, 0x00000000e6700000, 0x00000000e6700000|100%| S|CS|TAMS 0x00000000e6600000, 0x00000000e6600000| Complete 
| 103|0x00000000e6700000, 0x00000000e6800000, 0x00000000e6800000|100%| S|CS|TAMS 0x00000000e6700000, 0x00000000e6700000| Complete 
| 104|0x00000000e6800000, 0x00000000e6900000, 0x00000000e6900000|100%| S|CS|TAMS 0x00000000e6800000, 0x00000000e6800000| Complete 
| 105|0x00000000e6900000, 0x00000000e6900000, 0x00000000e6a00000|  0%| F|  |TAMS 0x00000000e6900000, 0x00000000e6900000| Untracked 
| 106|0x00000000e6a00000, 0x00000000e6a00000, 0x00000000e6b00000|  0%| F|  |TAMS 0x00000000e6a00000, 0x00000000e6a00000| Untracked 
| 107|0x00000000e6b00000, 0x00000000e6b00000, 0x00000000e6c00000|  0%| F|  |TAMS 0x00000000e6b00000, 0x00000000e6b00000| Untracked 
| 108|0x00000000e6c00000, 0x00000000e6c00000, 0x00000000e6d00000|  0%| F|  |TAMS 0x00000000e6c00000, 0x00000000e6c00000| Untracked 
| 109|0x00000000e6d00000, 0x00000000e6d00000, 0x00000000e6e00000|  0%| F|  |TAMS 0x00000000e6d00000, 0x00000000e6d00000| Untracked 
| 110|0x00000000e6e00000, 0x00000000e6e00000, 0x00000000e6f00000|  0%| F|  |TAMS 0x00000000e6e00000, 0x00000000e6e00000| Untracked 
| 111|0x00000000e6f00000, 0x00000000e6f00000, 0x00000000e7000000|  0%| F|  |TAMS 0x00000000e6f00000, 0x00000000e6f00000| Untracked 
| 112|0x00000000e7000000, 0x00000000e7000000, 0x00000000e7100000|  0%| F|  |TAMS 0x00000000e7000000, 0x00000000e7000000| Untracked 
| 113|0x00000000e7100000, 0x00000000e7100000, 0x00000000e7200000|  0%| F|  |TAMS 0x00000000e7100000, 0x00000000e7100000| Untracked 
| 114|0x00000000e7200000, 0x00000000e7200000, 0x00000000e7300000|  0%| F|  |TAMS 0x00000000e7200000, 0x00000000e7200000| Untracked 
| 115|0x00000000e7300000, 0x00000000e7300000, 0x00000000e7400000|  0%| F|  |TAMS 0x00000000e7300000, 0x00000000e7300000| Untracked 
| 116|0x00000000e7400000, 0x00000000e7400000, 0x00000000e7500000|  0%| F|  |TAMS 0x00000000e7400000, 0x00000000e7400000| Untracked 
| 117|0x00000000e7500000, 0x00000000e7500000, 0x00000000e7600000|  0%| F|  |TAMS 0x00000000e7500000, 0x00000000e7500000| Untracked 
| 118|0x00000000e7600000, 0x00000000e7600000, 0x00000000e7700000|  0%| F|  |TAMS 0x00000000e7600000, 0x00000000e7600000| Untracked 
| 119|0x00000000e7700000, 0x00000000e7700000, 0x00000000e7800000|  0%| F|  |TAMS 0x00000000e7700000, 0x00000000e7700000| Untracked 
| 120|0x00000000e7800000, 0x00000000e7800000, 0x00000000e7900000|  0%| F|  |TAMS 0x00000000e7800000, 0x00000000e7800000| Untracked 
| 121|0x00000000e7900000, 0x00000000e7900000, 0x00000000e7a00000|  0%| F|  |TAMS 0x00000000e7900000, 0x00000000e7900000| Untracked 
| 122|0x00000000e7a00000, 0x00000000e7a00000, 0x00000000e7b00000|  0%| F|  |TAMS 0x00000000e7a00000, 0x00000000e7a00000| Untracked 
| 123|0x00000000e7b00000, 0x00000000e7b00000, 0x00000000e7c00000|  0%| F|  |TAMS 0x00000000e7b00000, 0x00000000e7b00000| Untracked 
| 124|0x00000000e7c00000, 0x00000000e7c00000, 0x00000000e7d00000|  0%| F|  |TAMS 0x00000000e7c00000, 0x00000000e7c00000| Untracked 
| 125|0x00000000e7d00000, 0x00000000e7d00000, 0x00000000e7e00000|  0%| F|  |TAMS 0x00000000e7d00000, 0x00000000e7d00000| Untracked 
| 126|0x00000000e7e00000, 0x00000000e7e00000, 0x00000000e7f00000|  0%| F|  |TAMS 0x00000000e7e00000, 0x00000000e7e00000| Untracked 
| 127|0x00000000e7f00000, 0x00000000e7f00000, 0x00000000e8000000|  0%| F|  |TAMS 0x00000000e7f00000, 0x00000000e7f00000| Untracked 
| 128|0x00000000e8000000, 0x00000000e8000000, 0x00000000e8100000|  0%| F|  |TAMS 0x00000000e8000000, 0x00000000e8000000| Untracked 
| 129|0x00000000e8100000, 0x00000000e8100000, 0x00000000e8200000|  0%| F|  |TAMS 0x00000000e8100000, 0x00000000e8100000| Untracked 
| 130|0x00000000e8200000, 0x00000000e8200000, 0x00000000e8300000|  0%| F|  |TAMS 0x00000000e8200000, 0x00000000e8200000| Untracked 
| 131|0x00000000e8300000, 0x00000000e8300000, 0x00000000e8400000|  0%| F|  |TAMS 0x00000000e8300000, 0x00000000e8300000| Untracked 
| 132|0x00000000e8400000, 0x00000000e8400000, 0x00000000e8500000|  0%| F|  |TAMS 0x00000000e8400000, 0x00000000e8400000| Untracked 
| 133|0x00000000e8500000, 0x00000000e8500000, 0x00000000e8600000|  0%| F|  |TAMS 0x00000000e8500000, 0x00000000e8500000| Untracked 
| 134|0x00000000e8600000, 0x00000000e8600000, 0x00000000e8700000|  0%| F|  |TAMS 0x00000000e8600000, 0x00000000e8600000| Untracked 
| 135|0x00000000e8700000, 0x00000000e8700000, 0x00000000e8800000|  0%| F|  |TAMS 0x00000000e8700000, 0x00000000e8700000| Untracked 
| 136|0x00000000e8800000, 0x00000000e8800000, 0x00000000e8900000|  0%| F|  |TAMS 0x00000000e8800000, 0x00000000e8800000| Untracked 
| 137|0x00000000e8900000, 0x00000000e8900000, 0x00000000e8a00000|  0%| F|  |TAMS 0x00000000e8900000, 0x00000000e8900000| Untracked 
| 138|0x00000000e8a00000, 0x00000000e8a00000, 0x00000000e8b00000|  0%| F|  |TAMS 0x00000000e8a00000, 0x00000000e8a00000| Untracked 
| 139|0x00000000e8b00000, 0x00000000e8b00000, 0x00000000e8c00000|  0%| F|  |TAMS 0x00000000e8b00000, 0x00000000e8b00000| Untracked 
| 140|0x00000000e8c00000, 0x00000000e8c00000, 0x00000000e8d00000|  0%| F|  |TAMS 0x00000000e8c00000, 0x00000000e8c00000| Untracked 
| 141|0x00000000e8d00000, 0x00000000e8d00000, 0x00000000e8e00000|  0%| F|  |TAMS 0x00000000e8d00000, 0x00000000e8d00000| Untracked 
| 142|0x00000000e8e00000, 0x00000000e8e00000, 0x00000000e8f00000|  0%| F|  |TAMS 0x00000000e8e00000, 0x00000000e8e00000| Untracked 
| 143|0x00000000e8f00000, 0x00000000e8f00000, 0x00000000e9000000|  0%| F|  |TAMS 0x00000000e8f00000, 0x00000000e8f00000| Untracked 
| 144|0x00000000e9000000, 0x00000000e9000000, 0x00000000e9100000|  0%| F|  |TAMS 0x00000000e9000000, 0x00000000e9000000| Untracked 
| 145|0x00000000e9100000, 0x00000000e9100000, 0x00000000e9200000|  0%| F|  |TAMS 0x00000000e9100000, 0x00000000e9100000| Untracked 
| 146|0x00000000e9200000, 0x00000000e9200000, 0x00000000e9300000|  0%| F|  |TAMS 0x00000000e9200000, 0x00000000e9200000| Untracked 
| 147|0x00000000e9300000, 0x00000000e9300000, 0x00000000e9400000|  0%| F|  |TAMS 0x00000000e9300000, 0x00000000e9300000| Untracked 
| 148|0x00000000e9400000, 0x00000000e9400000, 0x00000000e9500000|  0%| F|  |TAMS 0x00000000e9400000, 0x00000000e9400000| Untracked 
| 149|0x00000000e9500000, 0x00000000e9500000, 0x00000000e9600000|  0%| F|  |TAMS 0x00000000e9500000, 0x00000000e9500000| Untracked 
| 150|0x00000000e9600000, 0x00000000e9600000, 0x00000000e9700000|  0%| F|  |TAMS 0x00000000e9600000, 0x00000000e9600000| Untracked 
| 151|0x00000000e9700000, 0x00000000e9700000, 0x00000000e9800000|  0%| F|  |TAMS 0x00000000e9700000, 0x00000000e9700000| Untracked 
| 152|0x00000000e9800000, 0x00000000e9800000, 0x00000000e9900000|  0%| F|  |TAMS 0x00000000e9800000, 0x00000000e9800000| Untracked 
| 153|0x00000000e9900000, 0x00000000e9900000, 0x00000000e9a00000|  0%| F|  |TAMS 0x00000000e9900000, 0x00000000e9900000| Untracked 
| 154|0x00000000e9a00000, 0x00000000e9a00000, 0x00000000e9b00000|  0%| F|  |TAMS 0x00000000e9a00000, 0x00000000e9a00000| Untracked 
| 155|0x00000000e9b00000, 0x00000000e9b00000, 0x00000000e9c00000|  0%| F|  |TAMS 0x00000000e9b00000, 0x00000000e9b00000| Untracked 
| 156|0x00000000e9c00000, 0x00000000e9c00000, 0x00000000e9d00000|  0%| F|  |TAMS 0x00000000e9c00000, 0x00000000e9c00000| Untracked 
| 157|0x00000000e9d00000, 0x00000000e9d00000, 0x00000000e9e00000|  0%| F|  |TAMS 0x00000000e9d00000, 0x00000000e9d00000| Untracked 
| 158|0x00000000e9e00000, 0x00000000e9e00000, 0x00000000e9f00000|  0%| F|  |TAMS 0x00000000e9e00000, 0x00000000e9e00000| Untracked 
| 159|0x00000000e9f00000, 0x00000000e9f00000, 0x00000000ea000000|  0%| F|  |TAMS 0x00000000e9f00000, 0x00000000e9f00000| Untracked 
| 160|0x00000000ea000000, 0x00000000ea000000, 0x00000000ea100000|  0%| F|  |TAMS 0x00000000ea000000, 0x00000000ea000000| Untracked 
| 161|0x00000000ea100000, 0x00000000ea100000, 0x00000000ea200000|  0%| F|  |TAMS 0x00000000ea100000, 0x00000000ea100000| Untracked 
| 162|0x00000000ea200000, 0x00000000ea200000, 0x00000000ea300000|  0%| F|  |TAMS 0x00000000ea200000, 0x00000000ea200000| Untracked 
| 163|0x00000000ea300000, 0x00000000ea300000, 0x00000000ea400000|  0%| F|  |TAMS 0x00000000ea300000, 0x00000000ea300000| Untracked 
| 164|0x00000000ea400000, 0x00000000ea400000, 0x00000000ea500000|  0%| F|  |TAMS 0x00000000ea400000, 0x00000000ea400000| Untracked 
| 165|0x00000000ea500000, 0x00000000ea500000, 0x00000000ea600000|  0%| F|  |TAMS 0x00000000ea500000, 0x00000000ea500000| Untracked 
| 166|0x00000000ea600000, 0x00000000ea600000, 0x00000000ea700000|  0%| F|  |TAMS 0x00000000ea600000, 0x00000000ea600000| Untracked 
| 167|0x00000000ea700000, 0x00000000ea700000, 0x00000000ea800000|  0%| F|  |TAMS 0x00000000ea700000, 0x00000000ea700000| Untracked 
| 168|0x00000000ea800000, 0x00000000ea800000, 0x00000000ea900000|  0%| F|  |TAMS 0x00000000ea800000, 0x00000000ea800000| Untracked 
| 169|0x00000000ea900000, 0x00000000ea900000, 0x00000000eaa00000|  0%| F|  |TAMS 0x00000000ea900000, 0x00000000ea900000| Untracked 
| 170|0x00000000eaa00000, 0x00000000eaa00000, 0x00000000eab00000|  0%| F|  |TAMS 0x00000000eaa00000, 0x00000000eaa00000| Untracked 
| 171|0x00000000eab00000, 0x00000000eab00000, 0x00000000eac00000|  0%| F|  |TAMS 0x00000000eab00000, 0x00000000eab00000| Untracked 
| 172|0x00000000eac00000, 0x00000000eac00000, 0x00000000ead00000|  0%| F|  |TAMS 0x00000000eac00000, 0x00000000eac00000| Untracked 
| 173|0x00000000ead00000, 0x00000000ead00000, 0x00000000eae00000|  0%| F|  |TAMS 0x00000000ead00000, 0x00000000ead00000| Untracked 
| 174|0x00000000eae00000, 0x00000000eae00000, 0x00000000eaf00000|  0%| F|  |TAMS 0x00000000eae00000, 0x00000000eae00000| Untracked 
| 175|0x00000000eaf00000, 0x00000000eaf00000, 0x00000000eb000000|  0%| F|  |TAMS 0x00000000eaf00000, 0x00000000eaf00000| Untracked 
| 176|0x00000000eb000000, 0x00000000eb000000, 0x00000000eb100000|  0%| F|  |TAMS 0x00000000eb000000, 0x00000000eb000000| Untracked 
| 177|0x00000000eb100000, 0x00000000eb100000, 0x00000000eb200000|  0%| F|  |TAMS 0x00000000eb100000, 0x00000000eb100000| Untracked 
| 178|0x00000000eb200000, 0x00000000eb200000, 0x00000000eb300000|  0%| F|  |TAMS 0x00000000eb200000, 0x00000000eb200000| Untracked 
| 179|0x00000000eb300000, 0x00000000eb300000, 0x00000000eb400000|  0%| F|  |TAMS 0x00000000eb300000, 0x00000000eb300000| Untracked 
| 180|0x00000000eb400000, 0x00000000eb400000, 0x00000000eb500000|  0%| F|  |TAMS 0x00000000eb400000, 0x00000000eb400000| Untracked 
| 181|0x00000000eb500000, 0x00000000eb500000, 0x00000000eb600000|  0%| F|  |TAMS 0x00000000eb500000, 0x00000000eb500000| Untracked 
| 182|0x00000000eb600000, 0x00000000eb600000, 0x00000000eb700000|  0%| F|  |TAMS 0x00000000eb600000, 0x00000000eb600000| Untracked 
| 183|0x00000000eb700000, 0x00000000eb700000, 0x00000000eb800000|  0%| F|  |TAMS 0x00000000eb700000, 0x00000000eb700000| Untracked 
| 184|0x00000000eb800000, 0x00000000eb800000, 0x00000000eb900000|  0%| F|  |TAMS 0x00000000eb800000, 0x00000000eb800000| Untracked 
| 185|0x00000000eb900000, 0x00000000eb900000, 0x00000000eba00000|  0%| F|  |TAMS 0x00000000eb900000, 0x00000000eb900000| Untracked 
| 186|0x00000000eba00000, 0x00000000eba00000, 0x00000000ebb00000|  0%| F|  |TAMS 0x00000000eba00000, 0x00000000eba00000| Untracked 
| 187|0x00000000ebb00000, 0x00000000ebb00000, 0x00000000ebc00000|  0%| F|  |TAMS 0x00000000ebb00000, 0x00000000ebb00000| Untracked 
| 188|0x00000000ebc00000, 0x00000000ebc00000, 0x00000000ebd00000|  0%| F|  |TAMS 0x00000000ebc00000, 0x00000000ebc00000| Untracked 
| 189|0x00000000ebd00000, 0x00000000ebd00000, 0x00000000ebe00000|  0%| F|  |TAMS 0x00000000ebd00000, 0x00000000ebd00000| Untracked 
| 190|0x00000000ebe00000, 0x00000000ebe00000, 0x00000000ebf00000|  0%| F|  |TAMS 0x00000000ebe00000, 0x00000000ebe00000| Untracked 
| 191|0x00000000ebf00000, 0x00000000ebf00000, 0x00000000ec000000|  0%| F|  |TAMS 0x00000000ebf00000, 0x00000000ebf00000| Untracked 
| 192|0x00000000ec000000, 0x00000000ec000000, 0x00000000ec100000|  0%| F|  |TAMS 0x00000000ec000000, 0x00000000ec000000| Untracked 
| 193|0x00000000ec100000, 0x00000000ec100000, 0x00000000ec200000|  0%| F|  |TAMS 0x00000000ec100000, 0x00000000ec100000| Untracked 
| 194|0x00000000ec200000, 0x00000000ec200000, 0x00000000ec300000|  0%| F|  |TAMS 0x00000000ec200000, 0x00000000ec200000| Untracked 
| 195|0x00000000ec300000, 0x00000000ec387650, 0x00000000ec400000| 52%| E|  |TAMS 0x00000000ec300000, 0x00000000ec300000| Complete 
| 196|0x00000000ec400000, 0x00000000ec500000, 0x00000000ec500000|100%| E|CS|TAMS 0x00000000ec400000, 0x00000000ec400000| Complete 
| 197|0x00000000ec500000, 0x00000000ec600000, 0x00000000ec600000|100%| E|CS|TAMS 0x00000000ec500000, 0x00000000ec500000| Complete 
| 198|0x00000000ec600000, 0x00000000ec700000, 0x00000000ec700000|100%| E|CS|TAMS 0x00000000ec600000, 0x00000000ec600000| Complete 
| 199|0x00000000ec700000, 0x00000000ec800000, 0x00000000ec800000|100%| E|CS|TAMS 0x00000000ec700000, 0x00000000ec700000| Complete 
| 200|0x00000000ec800000, 0x00000000ec900000, 0x00000000ec900000|100%| E|CS|TAMS 0x00000000ec800000, 0x00000000ec800000| Complete 
| 201|0x00000000ec900000, 0x00000000eca00000, 0x00000000eca00000|100%| E|CS|TAMS 0x00000000ec900000, 0x00000000ec900000| Complete 
| 202|0x00000000eca00000, 0x00000000ecb00000, 0x00000000ecb00000|100%| E|CS|TAMS 0x00000000eca00000, 0x00000000eca00000| Complete 
| 203|0x00000000ecb00000, 0x00000000ecc00000, 0x00000000ecc00000|100%| E|CS|TAMS 0x00000000ecb00000, 0x00000000ecb00000| Complete 
| 204|0x00000000ecc00000, 0x00000000ecd00000, 0x00000000ecd00000|100%| E|CS|TAMS 0x00000000ecc00000, 0x00000000ecc00000| Complete 
| 205|0x00000000ecd00000, 0x00000000ece00000, 0x00000000ece00000|100%| E|CS|TAMS 0x00000000ecd00000, 0x00000000ecd00000| Complete 
| 206|0x00000000ece00000, 0x00000000ecf00000, 0x00000000ecf00000|100%| E|CS|TAMS 0x00000000ece00000, 0x00000000ece00000| Complete 
| 207|0x00000000ecf00000, 0x00000000ed000000, 0x00000000ed000000|100%| E|CS|TAMS 0x00000000ecf00000, 0x00000000ecf00000| Complete 
| 208|0x00000000ed000000, 0x00000000ed100000, 0x00000000ed100000|100%| E|CS|TAMS 0x00000000ed000000, 0x00000000ed000000| Complete 
| 209|0x00000000ed100000, 0x00000000ed200000, 0x00000000ed200000|100%| E|CS|TAMS 0x00000000ed100000, 0x00000000ed100000| Complete 
| 210|0x00000000ed200000, 0x00000000ed300000, 0x00000000ed300000|100%| E|CS|TAMS 0x00000000ed200000, 0x00000000ed200000| Complete 
| 211|0x00000000ed300000, 0x00000000ed400000, 0x00000000ed400000|100%| E|CS|TAMS 0x00000000ed300000, 0x00000000ed300000| Complete 
| 212|0x00000000ed400000, 0x00000000ed500000, 0x00000000ed500000|100%| E|CS|TAMS 0x00000000ed400000, 0x00000000ed400000| Complete 
| 213|0x00000000ed500000, 0x00000000ed600000, 0x00000000ed600000|100%| E|CS|TAMS 0x00000000ed500000, 0x00000000ed500000| Complete 
| 214|0x00000000ed600000, 0x00000000ed700000, 0x00000000ed700000|100%| E|CS|TAMS 0x00000000ed600000, 0x00000000ed600000| Complete 
| 215|0x00000000ed700000, 0x00000000ed800000, 0x00000000ed800000|100%| E|CS|TAMS 0x00000000ed700000, 0x00000000ed700000| Complete 
| 216|0x00000000ed800000, 0x00000000ed900000, 0x00000000ed900000|100%| E|CS|TAMS 0x00000000ed800000, 0x00000000ed800000| Complete 
| 217|0x00000000ed900000, 0x00000000eda00000, 0x00000000eda00000|100%| E|CS|TAMS 0x00000000ed900000, 0x00000000ed900000| Complete 
| 218|0x00000000eda00000, 0x00000000edb00000, 0x00000000edb00000|100%| E|CS|TAMS 0x00000000eda00000, 0x00000000eda00000| Complete 
| 219|0x00000000edb00000, 0x00000000edc00000, 0x00000000edc00000|100%| E|CS|TAMS 0x00000000edb00000, 0x00000000edb00000| Complete 
| 220|0x00000000edc00000, 0x00000000edd00000, 0x00000000edd00000|100%| E|CS|TAMS 0x00000000edc00000, 0x00000000edc00000| Complete 
| 221|0x00000000edd00000, 0x00000000ede00000, 0x00000000ede00000|100%| E|CS|TAMS 0x00000000edd00000, 0x00000000edd00000| Complete 
| 222|0x00000000ede00000, 0x00000000edf00000, 0x00000000edf00000|100%| E|CS|TAMS 0x00000000ede00000, 0x00000000ede00000| Complete 
| 223|0x00000000edf00000, 0x00000000ee000000, 0x00000000ee000000|100%| E|CS|TAMS 0x00000000edf00000, 0x00000000edf00000| Complete 
| 224|0x00000000ee000000, 0x00000000ee100000, 0x00000000ee100000|100%| E|  |TAMS 0x00000000ee000000, 0x00000000ee000000| Complete 
| 225|0x00000000ee100000, 0x00000000ee200000, 0x00000000ee200000|100%| E|CS|TAMS 0x00000000ee100000, 0x00000000ee100000| Complete 
| 226|0x00000000ee200000, 0x00000000ee300000, 0x00000000ee300000|100%| E|CS|TAMS 0x00000000ee200000, 0x00000000ee200000| Complete 
| 227|0x00000000ee300000, 0x00000000ee400000, 0x00000000ee400000|100%| E|CS|TAMS 0x00000000ee300000, 0x00000000ee300000| Complete 
| 228|0x00000000ee400000, 0x00000000ee500000, 0x00000000ee500000|100%| E|CS|TAMS 0x00000000ee400000, 0x00000000ee400000| Complete 
| 229|0x00000000ee500000, 0x00000000ee600000, 0x00000000ee600000|100%| E|CS|TAMS 0x00000000ee500000, 0x00000000ee500000| Complete 
| 230|0x00000000ee600000, 0x00000000ee700000, 0x00000000ee700000|100%| E|CS|TAMS 0x00000000ee600000, 0x00000000ee600000| Complete 
| 231|0x00000000ee700000, 0x00000000ee800000, 0x00000000ee800000|100%| E|CS|TAMS 0x00000000ee700000, 0x00000000ee700000| Complete 
| 232|0x00000000ee800000, 0x00000000ee900000, 0x00000000ee900000|100%| E|CS|TAMS 0x00000000ee800000, 0x00000000ee800000| Complete 
| 233|0x00000000ee900000, 0x00000000eea00000, 0x00000000eea00000|100%| E|CS|TAMS 0x00000000ee900000, 0x00000000ee900000| Complete 
| 234|0x00000000eea00000, 0x00000000eeb00000, 0x00000000eeb00000|100%| E|CS|TAMS 0x00000000eea00000, 0x00000000eea00000| Complete 
| 235|0x00000000eeb00000, 0x00000000eec00000, 0x00000000eec00000|100%| E|CS|TAMS 0x00000000eeb00000, 0x00000000eeb00000| Complete 
| 236|0x00000000eec00000, 0x00000000eed00000, 0x00000000eed00000|100%| E|CS|TAMS 0x00000000eec00000, 0x00000000eec00000| Complete 
| 237|0x00000000eed00000, 0x00000000eee00000, 0x00000000eee00000|100%| E|CS|TAMS 0x00000000eed00000, 0x00000000eed00000| Complete 
| 238|0x00000000eee00000, 0x00000000eef00000, 0x00000000eef00000|100%| E|CS|TAMS 0x00000000eee00000, 0x00000000eee00000| Complete 
| 239|0x00000000eef00000, 0x00000000ef000000, 0x00000000ef000000|100%| E|CS|TAMS 0x00000000eef00000, 0x00000000eef00000| Complete 
| 240|0x00000000ef000000, 0x00000000ef100000, 0x00000000ef100000|100%| E|CS|TAMS 0x00000000ef000000, 0x00000000ef000000| Complete 
| 241|0x00000000ef100000, 0x00000000ef200000, 0x00000000ef200000|100%| E|CS|TAMS 0x00000000ef100000, 0x00000000ef100000| Complete 
| 242|0x00000000ef200000, 0x00000000ef300000, 0x00000000ef300000|100%| E|CS|TAMS 0x00000000ef200000, 0x00000000ef200000| Complete 
| 243|0x00000000ef300000, 0x00000000ef400000, 0x00000000ef400000|100%| E|CS|TAMS 0x00000000ef300000, 0x00000000ef300000| Complete 
| 244|0x00000000ef400000, 0x00000000ef500000, 0x00000000ef500000|100%| E|CS|TAMS 0x00000000ef400000, 0x00000000ef400000| Complete 
| 245|0x00000000ef500000, 0x00000000ef600000, 0x00000000ef600000|100%| E|CS|TAMS 0x00000000ef500000, 0x00000000ef500000| Complete 
| 246|0x00000000ef600000, 0x00000000ef700000, 0x00000000ef700000|100%| E|CS|TAMS 0x00000000ef600000, 0x00000000ef600000| Complete 
| 247|0x00000000ef700000, 0x00000000ef800000, 0x00000000ef800000|100%| E|CS|TAMS 0x00000000ef700000, 0x00000000ef700000| Complete 
| 248|0x00000000ef800000, 0x00000000ef900000, 0x00000000ef900000|100%| E|CS|TAMS 0x00000000ef800000, 0x00000000ef800000| Complete 
| 249|0x00000000ef900000, 0x00000000efa00000, 0x00000000efa00000|100%| E|CS|TAMS 0x00000000ef900000, 0x00000000ef900000| Complete 
| 250|0x00000000efa00000, 0x00000000efb00000, 0x00000000efb00000|100%| E|CS|TAMS 0x00000000efa00000, 0x00000000efa00000| Complete 
| 251|0x00000000efb00000, 0x00000000efc00000, 0x00000000efc00000|100%| E|CS|TAMS 0x00000000efb00000, 0x00000000efb00000| Complete 
| 252|0x00000000efc00000, 0x00000000efd00000, 0x00000000efd00000|100%| E|CS|TAMS 0x00000000efc00000, 0x00000000efc00000| Complete 
| 253|0x00000000efd00000, 0x00000000efe00000, 0x00000000efe00000|100%| E|CS|TAMS 0x00000000efd00000, 0x00000000efd00000| Complete 
| 254|0x00000000efe00000, 0x00000000eff00000, 0x00000000eff00000|100%| E|CS|TAMS 0x00000000efe00000, 0x00000000efe00000| Complete 
| 255|0x00000000eff00000, 0x00000000f0000000, 0x00000000f0000000|100%| E|CS|TAMS 0x00000000eff00000, 0x00000000eff00000| Complete 

Card table byte_map: [0x000001f5739a0000,0x000001f573aa0000] _byte_map_base: 0x000001f5732a0000

Marking Bits (Prev, Next): (CMBitMap*) 0x000001f56b0334f0, (CMBitMap*) 0x000001f56b033530
 Prev Bits: [0x000001f573ba0000, 0x000001f5743a0000)
 Next Bits: [0x000001f5743a0000, 0x000001f574ba0000)

Polling page: 0x000001f568f50000

Metaspace:

Usage:
  Non-class:     45.11 MB capacity,    44.39 MB ( 98%) used,   659.27 KB (  1%) free+waste,    77.25 KB ( <1%) overhead. 
      Class:      6.66 MB capacity,     6.43 MB ( 97%) used,   206.42 KB (  3%) free+waste,    31.63 KB ( <1%) overhead. 
       Both:     51.78 MB capacity,    50.82 MB ( 98%) used,   865.70 KB (  2%) free+waste,   108.88 KB ( <1%) overhead. 

Virtual space:
  Non-class space:       46.00 MB reserved,      45.33 MB ( 99%) committed 
      Class space:      248.00 MB reserved,       6.75 MB (  3%) committed 
             Both:      294.00 MB reserved,      52.08 MB ( 18%) committed 

Chunk freelists:
   Non-Class:  27.00 KB
       Class:  26.00 KB
        Both:  53.00 KB

MaxMetaspaceSize: 256.00 MB
CompressedClassSpaceSize: 248.00 MB

CodeHeap 'non-profiled nmethods': size=120000Kb used=3131Kb max_used=3131Kb free=116868Kb
 bounds [0x000001f507ad0000, 0x000001f507de0000, 0x000001f50f000000]
CodeHeap 'profiled nmethods': size=120000Kb used=13132Kb max_used=13132Kb free=106868Kb
 bounds [0x000001f5005a0000, 0x000001f501280000, 0x000001f507ad0000]
CodeHeap 'non-nmethods': size=5760Kb used=2370Kb max_used=2394Kb free=3389Kb
 bounds [0x000001f500000000, 0x000001f500270000, 0x000001f5005a0000]
 total_blobs=6847 nmethods=5989 adapters=770
 compilation: enabled
              stopped_count=0, restarted_count=0
 full_count=0

Compilation events (20 events):
Event: 22.788 Thread 0x000001f5775dc170 6047       2       java.util.concurrent.ThreadPoolExecutor::workerCountOf (5 bytes)
Event: 22.788 Thread 0x000001f5775dc170 nmethod 6047 0x000001f501262290 code [0x000001f501262420, 0x000001f5012624f8]
Event: 22.789 Thread 0x000001f5775dc170 6048       2       java.util.ArrayList::add (65 bytes)
Event: 22.789 Thread 0x000001f5775dc170 nmethod 6048 0x000001f501262590 code [0x000001f501262780, 0x000001f501262bb8]
Event: 22.806 Thread 0x000001f5775dc170 6050 %     3       org.objectweb.asm.Type::hashCode @ 41 (68 bytes)
Event: 22.807 Thread 0x000001f5775dc170 nmethod 6050% 0x000001f501262e10 code [0x000001f501263020, 0x000001f501263858]
Event: 22.817 Thread 0x000001f5775dc170 6052       2       org.objectweb.asm.AnnotationWriter::visit (959 bytes)
Event: 22.819 Thread 0x000001f5775dc170 nmethod 6052 0x000001f501263b90 code [0x000001f501264040, 0x000001f5012659f8]
Event: 22.822 Thread 0x000001f5775dc170 6053       2       org.objectweb.asm.ByteVector::put112 (80 bytes)
Event: 22.823 Thread 0x000001f5775dc170 nmethod 6053 0x000001f501266d90 code [0x000001f501266f40, 0x000001f501267148]
Event: 22.825 Thread 0x000001f5775dc170 6054       2       java.util.concurrent.SynchronousQueue$TransferStack::awaitFulfill (169 bytes)
Event: 22.828 Thread 0x000001f5775dc170 nmethod 6054 0x000001f501267310 code [0x000001f5012675a0, 0x000001f501268298]
Event: 22.855 Thread 0x000001f5775dc170 6055 %     3       java.util.Arrays::binarySearch0 @ 8 (83 bytes)
Event: 22.855 Thread 0x000001f5775dc170 nmethod 6055% 0x000001f501268910 code [0x000001f501268ae0, 0x000001f501268fe8]
Event: 22.876 Thread 0x000001f5775dc170 6057       2       org.objectweb.asm.SymbolTable::hash (14 bytes)
Event: 22.876 Thread 0x000001f5775dc170 nmethod 6057 0x000001f501269190 code [0x000001f501269320, 0x000001f501269418]
Event: 22.912 Thread 0x000001f5775dc170 6059       2       org.objectweb.asm.ByteVector::putLong (145 bytes)
Event: 22.912 Thread 0x000001f5775dc170 nmethod 6059 0x000001f501269490 code [0x000001f501269640, 0x000001f5012698e8]
Event: 22.927 Thread 0x000001f5775dc170 6062       2       org.objectweb.asm.FieldWriter::visitTypeAnnotation (45 bytes)
Event: 22.927 Thread 0x000001f5775dc170 nmethod 6062 0x000001f501269b10 code [0x000001f501269cc0, 0x000001f501269ed8]

GC Heap History (10 events):
Event: 5.394 GC heap before
{Heap before GC invocations=0 (full 0):
 garbage-first heap   total 262144K, used 28672K [0x00000000e0000000, 0x0000000100000000)
  region size 1024K, 23 young (23552K), 0 survivors (0K)
 Metaspace       used 4022K, capacity 6607K, committed 6656K, reserved 262144K
  class space    used 496K, capacity 729K, committed 768K, reserved 253952K
}
Event: 5.402 GC heap after
{Heap after GC invocations=1 (full 0):
 garbage-first heap   total 262144K, used 9079K [0x00000000e0000000, 0x0000000100000000)
  region size 1024K, 3 young (3072K), 3 survivors (3072K)
 Metaspace       used 4022K, capacity 6607K, committed 6656K, reserved 262144K
  class space    used 496K, capacity 729K, committed 768K, reserved 253952K
}
Event: 10.422 GC heap before
{Heap before GC invocations=1 (full 0):
 garbage-first heap   total 262144K, used 35703K [0x00000000e0000000, 0x0000000100000000)
  region size 1024K, 29 young (29696K), 3 survivors (3072K)
 Metaspace       used 4196K, capacity 6607K, committed 6656K, reserved 262144K
  class space    used 497K, capacity 729K, committed 768K, reserved 253952K
}
Event: 10.425 GC heap after
{Heap after GC invocations=2 (full 0):
 garbage-first heap   total 262144K, used 13142K [0x00000000e0000000, 0x0000000100000000)
  region size 1024K, 4 young (4096K), 4 survivors (4096K)
 Metaspace       used 4196K, capacity 6607K, committed 6656K, reserved 262144K
  class space    used 497K, capacity 729K, committed 768K, reserved 253952K
}
Event: 13.808 GC heap before
{Heap before GC invocations=2 (full 0):
 garbage-first heap   total 262144K, used 138070K [0x00000000e0000000, 0x0000000100000000)
  region size 1024K, 100 young (102400K), 4 survivors (4096K)
 Metaspace       used 20620K, capacity 21192K, committed 21296K, reserved 272384K
  class space    used 2990K, capacity 3191K, committed 3200K, reserved 253952K
}
Event: 13.820 GC heap after
{Heap after GC invocations=3 (full 0):
 garbage-first heap   total 262144K, used 51255K [0x00000000e0000000, 0x0000000100000000)
  region size 1024K, 14 young (14336K), 14 survivors (14336K)
 Metaspace       used 20620K, capacity 21192K, committed 21296K, reserved 272384K
  class space    used 2990K, capacity 3191K, committed 3200K, reserved 253952K
}
Event: 16.093 GC heap before
{Heap before GC invocations=4 (full 0):
 garbage-first heap   total 262144K, used 130103K [0x00000000e0000000, 0x0000000100000000)
  region size 1024K, 90 young (92160K), 14 survivors (14336K)
 Metaspace       used 35111K, capacity 35821K, committed 35920K, reserved 286720K
  class space    used 4618K, capacity 4836K, committed 4864K, reserved 253952K
}
Event: 16.101 GC heap after
{Heap after GC invocations=5 (full 0):
 garbage-first heap   total 262144K, used 57846K [0x00000000e0000000, 0x0000000100000000)
  region size 1024K, 16 young (16384K), 16 survivors (16384K)
 Metaspace       used 35111K, capacity 35821K, committed 35920K, reserved 286720K
  class space    used 4618K, capacity 4836K, committed 4864K, reserved 253952K
}
Event: 22.592 GC heap before
{Heap before GC invocations=6 (full 0):
 garbage-first heap   total 262144K, used 225782K [0x00000000e0000000, 0x0000000100000000)
  region size 1024K, 151 young (154624K), 16 survivors (16384K)
 Metaspace       used 51925K, capacity 52891K, committed 53072K, reserved 301056K
  class space    used 6579K, capacity 6822K, committed 6912K, reserved 253952K
}
Event: 22.608 GC heap after
{Heap after GC invocations=7 (full 0):
 garbage-first heap   total 262144K, used 100852K [0x00000000e0000000, 0x0000000100000000)
  region size 1024K, 19 young (19456K), 19 survivors (19456K)
 Metaspace       used 51925K, capacity 52891K, committed 53072K, reserved 301056K
  class space    used 6579K, capacity 6822K, committed 6912K, reserved 253952K
}

Deoptimization events (20 events):
Event: 22.532 Thread 0x000001f57a6e76c0 DEOPT PACKING pc=0x000001f507c73cfc sp=0x00000065322fdd90
Event: 22.532 Thread 0x000001f57a6e76c0 DEOPT UNPACKING pc=0x000001f50004e42f sp=0x00000065322fdcd8 mode 2
Event: 22.533 Thread 0x000001f57a6e76c0 Uncommon trap: trap_request=0xffffff3d fr.pc=0x000001f507c349d4 relative=0x0000000000000214
Event: 22.533 Thread 0x000001f57a6e76c0 Uncommon trap: reason=unstable_fused_if action=reinterpret pc=0x000001f507c349d4 method=org.objectweb.asm.ByteVector.putUTF8(Ljava/lang/String;)Lorg/objectweb/asm/ByteVector; @ 93 c2
Event: 22.533 Thread 0x000001f57a6e76c0 DEOPT PACKING pc=0x000001f507c349d4 sp=0x00000065322fdd30
Event: 22.533 Thread 0x000001f57a6e76c0 DEOPT UNPACKING pc=0x000001f50004e42f sp=0x00000065322fdcb0 mode 2
Event: 22.555 Thread 0x000001f57a6eb080 Uncommon trap: trap_request=0xffffff45 fr.pc=0x000001f507dd76c8 relative=0x0000000000000808
Event: 22.555 Thread 0x000001f57a6eb080 Uncommon trap: reason=unstable_if action=reinterpret pc=0x000001f507dd76c8 method=org.objectweb.asm.ClassReader.readUtf(II[C)Ljava/lang/String; @ 41 c2
Event: 22.555 Thread 0x000001f57a6eb080 DEOPT PACKING pc=0x000001f507dd76c8 sp=0x00000065321fe220
Event: 22.555 Thread 0x000001f57a6eb080 DEOPT UNPACKING pc=0x000001f50004e42f sp=0x00000065321fe0e8 mode 2
Event: 22.567 Thread 0x000001f57a6eb080 Uncommon trap: trap_request=0xffffff45 fr.pc=0x000001f507ced4e8 relative=0x0000000000000248
Event: 22.567 Thread 0x000001f57a6eb080 Uncommon trap: reason=unstable_if action=reinterpret pc=0x000001f507ced4e8 method=java.io.BufferedOutputStream.write([BII)V @ 6 c2
Event: 22.567 Thread 0x000001f57a6eb080 DEOPT PACKING pc=0x000001f507ced4e8 sp=0x00000065321fe840
Event: 22.567 Thread 0x000001f57a6eb080 DEOPT UNPACKING pc=0x000001f50004e42f sp=0x00000065321fe7e8 mode 2
Event: 22.613 Thread 0x000001f5775b1820 Uncommon trap: trap_request=0xffffff45 fr.pc=0x000001f507d5eb1c relative=0x000000000000025c
Event: 22.613 Thread 0x000001f5775b1820 Uncommon trap: reason=unstable_if action=reinterpret pc=0x000001f507d5eb1c method=java.lang.ThreadLocal.get()Ljava/lang/Object; @ 11 c2
Event: 22.613 Thread 0x000001f5775b1820 DEOPT PACKING pc=0x000001f507d5eb1c sp=0x000000652f5fe440
Event: 22.613 Thread 0x000001f5775b1820 DEOPT UNPACKING pc=0x000001f50004e42f sp=0x000000652f5fe3f8 mode 2
Event: 22.787 Thread 0x000001f579987880 DEOPT PACKING pc=0x000001f500894f27 sp=0x0000006530df9b10
Event: 22.788 Thread 0x000001f579987880 DEOPT UNPACKING pc=0x000001f50004e23f sp=0x0000006530df8f30 mode 0

Classes unloaded (0 events):
No events

Classes redefined (0 events):
No events

Internal exceptions (20 events):
Event: 18.586 Thread 0x000001f579987880 Exception <a 'java/lang/NoSuchMethodError'{0x00000000eb519ba0}: 'java.lang.Object java.lang.invoke.DirectMethodHandle$Holder.invokeStatic(java.lang.Object, java.lang.Object, java.lang.Object, java.lang.Object, java.lang.Object, java.lang.Object, java.lang.Object, java.lang.Object, java.lang.Object, java.lang.Object, java.lang.Object, java.lang.Object, java.lang.Object, java.lang.Object, java.lang.Object, java.lang.Object, java.lang.Object, java.lang.Object, java.lang.Object, java.lang.Object, java.lang.Obj
Event: 18.587 Thread 0x000001f579987880 Exception <a 'java/lang/NoSuchMethodError'{0x00000000eb546390}: 'java.lang.Object java.lang.invoke.DirectMethodHandle$Holder.invokeStatic(java.lang.Object, java.lang.Object, java.lang.Object, java.lang.Object, java.lang.Object, java.lang.Object, java.lang.Object, java.lang.Object, java.lang.Object, java.lang.Object, java.lang.Object, java.lang.Object, java.lang.Object, java.lang.Object, java.lang.Object, java.lang.Object, java.lang.Object, java.lang.Object, java.lang.Object, java.lang.Object, java.lang.Obj
Event: 18.620 Thread 0x000001f579987880 Implicit null exception at 0x000001f507d3b26e to 0x000001f507d3b3e2
Event: 18.653 Thread 0x000001f579987880 Implicit null exception at 0x000001f507b1eb72 to 0x000001f507b1f0b0
Event: 18.819 Thread 0x000001f579987880 Exception <a 'sun/nio/fs/WindowsException'{0x00000000ea0dee70}> (0x00000000ea0dee70) 
thrown [./src/hotspot/share/prims/jni.cpp, line 578]
Event: 18.863 Thread 0x000001f579987880 Exception <a 'java/lang/IncompatibleClassChangeError'{0x00000000e9f07ad0}: Found class java.lang.Object, but interface was expected> (0x00000000e9f07ad0) 
thrown [./src/hotspot/share/interpreter/linkResolver.cpp, line 848]
Event: 21.621 Thread 0x000001f579987880 Exception <a 'java/lang/NoSuchMethodError'{0x00000000e813c728}: 'void java.lang.invoke.DirectMethodHandle$Holder.invokeStatic(java.lang.Object, java.lang.Object, java.lang.Object, int, java.lang.Object)'> (0x00000000e813c728) 
thrown [./src/hotspot/share/interpreter/linkResolver.cpp, line 782]
Event: 22.524 Thread 0x000001f57a6eabb0 Exception <a 'sun/nio/fs/WindowsException'{0x00000000efaa45e8}> (0x00000000efaa45e8) 
thrown [./src/hotspot/share/prims/jni.cpp, line 578]
Event: 22.528 Thread 0x000001f57a6eabb0 Exception <a 'sun/nio/fs/WindowsException'{0x00000000efaa47d0}> (0x00000000efaa47d0) 
thrown [./src/hotspot/share/prims/jni.cpp, line 578]
Event: 22.568 Thread 0x000001f57a6eb080 Exception <a 'sun/nio/fs/WindowsException'{0x00000000e6f9dd10}> (0x00000000e6f9dd10) 
thrown [./src/hotspot/share/prims/jni.cpp, line 578]
Event: 22.569 Thread 0x000001f57a6eb080 Exception <a 'sun/nio/fs/WindowsException'{0x00000000e6f9dee8}> (0x00000000e6f9dee8) 
thrown [./src/hotspot/share/prims/jni.cpp, line 578]
Event: 22.613 Thread 0x000001f5775b1820 Implicit null exception at 0x000001f507d5e90d to 0x000001f507d5eb10
Event: 22.618 Thread 0x000001f57a6e6d20 Exception <a 'sun/nio/fs/WindowsException'{0x00000000efc3fa48}> (0x00000000efc3fa48) 
thrown [./src/hotspot/share/prims/jni.cpp, line 578]
Event: 22.623 Thread 0x000001f57a6e6d20 Exception <a 'sun/nio/fs/WindowsException'{0x00000000efc3fbf0}> (0x00000000efc3fbf0) 
thrown [./src/hotspot/share/prims/jni.cpp, line 578]
Event: 22.640 Thread 0x000001f57a6e7b90 Exception <a 'sun/nio/fs/WindowsException'{0x00000000efd91430}> (0x00000000efd91430) 
thrown [./src/hotspot/share/prims/jni.cpp, line 578]
Event: 22.641 Thread 0x000001f57a6e7b90 Exception <a 'sun/nio/fs/WindowsException'{0x00000000efd915e8}> (0x00000000efd915e8) 
thrown [./src/hotspot/share/prims/jni.cpp, line 578]
Event: 22.688 Thread 0x000001f57a6e8060 Exception <a 'sun/nio/fs/WindowsException'{0x00000000ef04b598}> (0x00000000ef04b598) 
thrown [./src/hotspot/share/prims/jni.cpp, line 578]
Event: 22.690 Thread 0x000001f57a6e8060 Exception <a 'sun/nio/fs/WindowsException'{0x00000000ef04b7e8}> (0x00000000ef04b7e8) 
thrown [./src/hotspot/share/prims/jni.cpp, line 578]
Event: 22.823 Thread 0x000001f57a6ea210 Exception <a 'sun/nio/fs/WindowsException'{0x00000000ed9c2838}> (0x00000000ed9c2838) 
thrown [./src/hotspot/share/prims/jni.cpp, line 578]
Event: 22.825 Thread 0x000001f57a6ea210 Exception <a 'sun/nio/fs/WindowsException'{0x00000000ed9c29f0}> (0x00000000ed9c29f0) 
thrown [./src/hotspot/share/prims/jni.cpp, line 578]

Events (20 events):
Event: 22.350 Executing VM operation: ICBufferFull
Event: 22.352 Executing VM operation: ICBufferFull done
Event: 22.458 loading class java/util/zip/ZipFile$ZipEntryIterator
Event: 22.458 loading class java/util/zip/ZipFile$ZipEntryIterator done
Event: 22.565 Loaded shared library C:\Users\joseph\.jdks\azul-15.0.9\bin\zip.dll
Event: 22.592 Executing VM operation: G1CollectForAllocation
Event: 22.608 Executing VM operation: G1CollectForAllocation done
Event: 22.608 Executing VM operation: HandshakeAllThreads
Event: 22.608 Executing VM operation: HandshakeAllThreads done
Event: 22.611 loading class sun/security/ssl/Alert
Event: 22.612 loading class sun/security/ssl/Alert done
Event: 22.612 loading class sun/security/ssl/Alert$AlertConsumer
Event: 22.612 loading class sun/security/ssl/Alert$AlertConsumer done
Event: 22.612 loading class sun/security/ssl/Alert$Level
Event: 22.613 loading class sun/security/ssl/Alert$Level done
Event: 22.613 loading class javax/crypto/AEADBadTagException
Event: 22.613 loading class javax/crypto/AEADBadTagException done
Event: 22.613 loading class java/util/concurrent/ConcurrentLinkedQueue$Itr
Event: 22.614 loading class java/util/concurrent/ConcurrentLinkedQueue$Itr done
Event: 22.679 Loaded shared library C:\Users\joseph\.jdks\azul-15.0.9\bin\zip.dll


Dynamic libraries:
0x00007ff753f50000 - 0x00007ff753f5d000 	C:\Users\joseph\.jdks\azul-15.0.9\bin\java.exe
0x00007ffcee750000 - 0x00007ffcee948000 	C:\Windows\SYSTEM32\ntdll.dll
0x00007ffced990000 - 0x00007ffceda4f000 	C:\Windows\System32\KERNEL32.DLL
0x00007ffcebf70000 - 0x00007ffcec242000 	C:\Windows\System32\KERNELBASE.dll
0x00007ffcec690000 - 0x00007ffcec790000 	C:\Windows\System32\ucrtbase.dll
0x00007ffcdb410000 - 0x00007ffcdb428000 	C:\Users\joseph\.jdks\azul-15.0.9\bin\jli.dll
0x00007ffceccb0000 - 0x00007ffcece51000 	C:\Windows\System32\USER32.dll
0x00007ffcec660000 - 0x00007ffcec682000 	C:\Windows\System32\win32u.dll
0x00007ffcd5b70000 - 0x00007ffcd5e0a000 	C:\Windows\WinSxS\amd64_microsoft.windows.common-controls_6595b64144ccf1df_6.0.19041.1110_none_60b5254171f9507e\COMCTL32.dll
0x00007ffcedc90000 - 0x00007ffcedcbb000 	C:\Windows\System32\GDI32.dll
0x00007ffcede70000 - 0x00007ffcedf0e000 	C:\Windows\System32\msvcrt.dll
0x00007ffcec2a0000 - 0x00007ffcec3af000 	C:\Windows\System32\gdi32full.dll
0x00007ffcebe40000 - 0x00007ffcebedd000 	C:\Windows\System32\msvcp_win.dll
0x00007ffccadf0000 - 0x00007ffccae05000 	C:\Users\joseph\.jdks\azul-15.0.9\bin\VCRUNTIME140.dll
0x00007ffced950000 - 0x00007ffced982000 	C:\Windows\System32\IMM32.DLL
0x00007ffcc6a10000 - 0x00007ffcc6aab000 	C:\Users\joseph\.jdks\azul-15.0.9\bin\msvcp140.dll
0x00007ffc90b90000 - 0x00007ffc9172a000 	C:\Users\joseph\.jdks\azul-15.0.9\bin\server\jvm.dll
0x00007ffcee660000 - 0x00007ffcee70e000 	C:\Windows\System32\ADVAPI32.dll
0x00007ffceda50000 - 0x00007ffcedaec000 	C:\Windows\System32\sechost.dll
0x00007ffced600000 - 0x00007ffced725000 	C:\Windows\System32\RPCRT4.dll
0x00007ffced580000 - 0x00007ffced588000 	C:\Windows\System32\PSAPI.DLL
0x00007ffcd5740000 - 0x00007ffcd5749000 	C:\Windows\SYSTEM32\WSOCK32.dll
0x00007ffce5c70000 - 0x00007ffce5c7a000 	C:\Windows\SYSTEM32\VERSION.dll
0x00007ffcd3f70000 - 0x00007ffcd3f97000 	C:\Windows\SYSTEM32\WINMM.dll
0x00007ffced8e0000 - 0x00007ffced94b000 	C:\Windows\System32\WS2_32.dll
0x00007ffce9d20000 - 0x00007ffce9d32000 	C:\Windows\SYSTEM32\kernel.appcore.dll
0x00007ffcdd790000 - 0x00007ffcdd79a000 	C:\Users\joseph\.jdks\azul-15.0.9\bin\jimage.dll
0x00007ffcdd4c0000 - 0x00007ffcdd6a4000 	C:\Windows\SYSTEM32\DBGHELP.DLL
0x00007ffcd66f0000 - 0x00007ffcd6725000 	C:\Windows\SYSTEM32\dbgcore.DLL
0x00007ffcebee0000 - 0x00007ffcebf62000 	C:\Windows\System32\bcryptPrimitives.dll
0x00007ffcc7a00000 - 0x00007ffcc7a25000 	C:\Users\joseph\.jdks\azul-15.0.9\bin\java.dll
0x00007ffcedf10000 - 0x00007ffcee654000 	C:\Windows\System32\SHELL32.dll
0x00007ffce9f20000 - 0x00007ffcea6b2000 	C:\Windows\SYSTEM32\windows.storage.dll
0x00007ffcec860000 - 0x00007ffcecbb5000 	C:\Windows\System32\combase.dll
0x00007ffceb7c0000 - 0x00007ffceb7f0000 	C:\Windows\SYSTEM32\Wldp.dll
0x00007ffcec790000 - 0x00007ffcec83d000 	C:\Windows\System32\SHCORE.dll
0x00007ffced590000 - 0x00007ffced5e5000 	C:\Windows\System32\shlwapi.dll
0x00007ffcebd80000 - 0x00007ffcebd9f000 	C:\Windows\SYSTEM32\profapi.dll
0x00007ffccab80000 - 0x00007ffccab99000 	C:\Users\joseph\.jdks\azul-15.0.9\bin\net.dll
0x00007ffce2db0000 - 0x00007ffce2ebc000 	C:\Windows\SYSTEM32\WINHTTP.dll
0x00007ffceb520000 - 0x00007ffceb58a000 	C:\Windows\system32\mswsock.dll
0x00007ffcc69f0000 - 0x00007ffcc6a02000 	C:\Users\joseph\.jdks\azul-15.0.9\bin\nio.dll
0x00007ffcc69d0000 - 0x00007ffcc69e8000 	C:\Users\joseph\.jdks\azul-15.0.9\bin\zip.dll
0x00007ffcc9ba0000 - 0x00007ffcc9bb0000 	C:\Users\joseph\.jdks\azul-15.0.9\bin\verify.dll
0x00007ffcc9a40000 - 0x00007ffcc9a67000 	C:\Users\joseph\.gradle\native\fdc75f09e3144964f2cf3f50f0aa648679c211496f362492102eb8c894070792\windows-amd64\native-platform.dll
0x00007ffcc6ab0000 - 0x00007ffcc6c46000 	C:\Users\joseph\.gradle\native\12488b8bf47d2d4c9fbf2f6322a914ad602e24e48041cd04a747c6da556b65c4\windows-amd64\native-platform-file-events.dll
0x00007ffcc95f0000 - 0x00007ffcc95f9000 	C:\Users\joseph\.jdks\azul-15.0.9\bin\management.dll
0x00007ffcc8a50000 - 0x00007ffcc8a5b000 	C:\Users\joseph\.jdks\azul-15.0.9\bin\management_ext.dll
0x00007ffceb720000 - 0x00007ffceb738000 	C:\Windows\SYSTEM32\CRYPTSP.dll
0x00007ffceae40000 - 0x00007ffceae74000 	C:\Windows\system32\rsaenh.dll
0x00007ffcec630000 - 0x00007ffcec657000 	C:\Windows\System32\bcrypt.dll
0x00007ffcebd40000 - 0x00007ffcebd6e000 	C:\Windows\SYSTEM32\USERENV.dll
0x00007ffceb710000 - 0x00007ffceb71c000 	C:\Windows\SYSTEM32\CRYPTBASE.dll
0x00007ffceb210000 - 0x00007ffceb24b000 	C:\Windows\SYSTEM32\IPHLPAPI.DLL
0x00007ffcece60000 - 0x00007ffcece68000 	C:\Windows\System32\NSI.dll
0x00007ffce3fe0000 - 0x00007ffce3ff7000 	C:\Windows\SYSTEM32\dhcpcsvc6.DLL
0x00007ffce3fc0000 - 0x00007ffce3fdd000 	C:\Windows\SYSTEM32\dhcpcsvc.DLL
0x00007ffceb250000 - 0x00007ffceb31a000 	C:\Windows\SYSTEM32\DNSAPI.dll
0x00007ffce40c0000 - 0x00007ffce40cb000 	C:\Windows\SYSTEM32\WINNSI.DLL
0x00007ffcc69c0000 - 0x00007ffcc69ce000 	C:\Users\joseph\.jdks\azul-15.0.9\bin\sunmscapi.dll
0x00007ffcec420000 - 0x00007ffcec576000 	C:\Windows\System32\CRYPT32.dll
0x00007ffceb830000 - 0x00007ffceb857000 	C:\Windows\SYSTEM32\ncrypt.dll
0x00007ffceb7f0000 - 0x00007ffceb82b000 	C:\Windows\SYSTEM32\NTASN1.dll
0x00007ffce3180000 - 0x00007ffce318a000 	C:\Windows\System32\rasadhlp.dll
0x00007ffcdfd30000 - 0x00007ffcdfdb0000 	C:\Windows\System32\fwpuclnt.dll

dbghelp: loaded successfully - version: 4.0.5 - missing functions: none
symbol engine: initialized successfully - sym options: 0x614 - pdb path: .;C:\Users\joseph\.jdks\azul-15.0.9\bin;C:\Windows\SYSTEM32;C:\Windows\WinSxS\amd64_microsoft.windows.common-controls_6595b64144ccf1df_6.0.19041.1110_none_60b5254171f9507e;C:\Users\joseph\.jdks\azul-15.0.9\bin\server;C:\Users\joseph\.gradle\native\fdc75f09e3144964f2cf3f50f0aa648679c211496f362492102eb8c894070792\windows-amd64;C:\Users\joseph\.gradle\native\12488b8bf47d2d4c9fbf2f6322a914ad602e24e48041cd04a747c6da556b65c4\windows-amd64

VM Arguments:
jvm_args: --add-opens=java.base/java.util=ALL-UNNAMED --add-opens=java.base/java.lang=ALL-UNNAMED --add-opens=java.base/java.lang.invoke=ALL-UNNAMED --add-opens=java.prefs/java.util.prefs=ALL-UNNAMED -XX:MaxMetaspaceSize=256m -XX:+HeapDumpOnOutOfMemoryError -Xms256m -Xmx512m -Dfile.encoding=x-windows-949 -Duser.country=KR -Duser.language=ko -Duser.variant 
java_command: org.gradle.launcher.daemon.bootstrap.GradleDaemon 6.8
java_class_path (initial): C:\Users\joseph\.gradle\wrapper\dists\gradle-6.8-bin\1jblhjyydfkclfzx1agp92nyl\gradle-6.8\lib\gradle-launcher-6.8.jar
Launcher Type: SUN_STANDARD

[Global flags]
     intx CICompilerCount                          = 4                                         {product} {ergonomic}
   size_t CompressedClassSpaceSize                 = 260046848                                 {product} {ergonomic}
     uint ConcGCThreads                            = 2                                         {product} {ergonomic}
     uint G1ConcRefinementThreads                  = 8                                         {product} {ergonomic}
   size_t G1HeapRegionSize                         = 1048576                                   {product} {ergonomic}
    uintx GCDrainStackTargetSize                   = 64                                        {product} {ergonomic}
     bool HeapDumpOnOutOfMemoryError               = true                                   {manageable} {command line}
   size_t InitialHeapSize                          = 268435456                                 {product} {command line}
   size_t MarkStackSize                            = 4194304                                   {product} {ergonomic}
   size_t MaxHeapSize                              = 536870912                                 {product} {command line}
   size_t MaxMetaspaceSize                         = 268435456                                 {product} {command line}
   size_t MaxNewSize                               = 321912832                                 {product} {ergonomic}
   size_t MinHeapDeltaBytes                        = 1048576                                   {product} {ergonomic}
   size_t MinHeapSize                              = 268435456                                 {product} {command line}
    uintx NonNMethodCodeHeapSize                   = 5839372                                {pd product} {ergonomic}
    uintx NonProfiledCodeHeapSize                  = 122909434                              {pd product} {ergonomic}
    uintx ProfiledCodeHeapSize                     = 122909434                              {pd product} {ergonomic}
    uintx ReservedCodeCacheSize                    = 251658240                              {pd product} {ergonomic}
     bool SegmentedCodeCache                       = true                                      {product} {ergonomic}
   size_t SoftMaxHeapSize                          = 536870912                              {manageable} {ergonomic}
     bool UseCompressedClassPointers               = true                                 {lp64_product} {ergonomic}
     bool UseCompressedOops                        = true                                 {lp64_product} {ergonomic}
     bool UseG1GC                                  = true                                      {product} {ergonomic}
     bool UseLargePagesIndividualAllocation        = false                                  {pd product} {ergonomic}

Logging:
Log output configuration:
 #0: stdout all=warning uptime,level,tags
 #1: stderr all=off uptime,level,tags

Environment Variables:
PATH=C:\Program Files\Python311\Scripts\;C:\Program Files\Python311\;C:\Windows\system32;C:\Windows;C:\Windows\System32\Wbem;C:\Windows\System32\WindowsPowerShell\v1.0\;C:\Windows\System32\OpenSSH\;C:\Program Files\Git\cmd;C:\Program Files\nodejs\;C:\Program Files (x86)\ojdkbuild\java-1.8.0-openjdk-1.8.0.332-1\bin;C:\Program Files (x86)\ojdkbuild\java-1.8.0-openjdk-1.8.0.332-1\jre\bin;C:\Program Files (x86)\Gpg4win\..\GnuPG\bin;C:\Program Files\PuTTY\;C:\development\flutter\bin;C:\Users\joseph\AppData\Local\Microsoft\WindowsApps;C:\Users\joseph\AppData\Roaming\npm;C:\Users\joseph\AppData\Local\Programs\EmEditor;C:\Users\joseph\AppData\Local\Programs\Microsoft VS Code\bin
USERNAME=joseph
OS=Windows_NT
PROCESSOR_IDENTIFIER=Intel64 Family 6 Model 158 Stepping 12, GenuineIntel



---------------  S Y S T E M  ---------------

OS:
 Windows 10 , 64 bit Build 19041 (10.0.19041.2364)
OS uptime: 7 days 18:28 hours
KVM virtualization detected

CPU: total 8 (initial active 8) (8 cores per cpu, 1 threads per core) family 6 model 158 stepping 12 microcode 0xf0, cmov, cx8, fxsr, mmx, sse, sse2, sse3, ssse3, sse4.1, sse4.2, popcnt, vzeroupper, avx, avx2, aes, clmul, erms, 3dnowpref, lzcnt, tsc, bmi1, bmi2, adx, fma, clflush, clflushopt

Memory: 4k page, system-wide physical 16361M (80M free)
TotalPageFile size 32663M (AvailPageFile size 49M)
current process WorkingSet (physical memory assigned to process): 371M, peak: 415M
current process commit charge ("private bytes"): 480M, peak: 527M

vm_info: OpenJDK 64-Bit Server VM (15.0.9+5-MTS) for windows-amd64 JRE (15.0.9+5-MTS) (Zulu15.44+13-CA), built on Oct  7 2022 09:58:48 by "zulu_re" with MS VC++ 15.9 (VS2017)

END.
